{"D:\\03_gitHub\\hervestDay\\Vue3\\ailemente\\src\\components\\button\\Button.vue": {"path":"D:\\03_gitHub\\hervestDay\\Vue3\\ailemente\\src\\components\\button\\Button.vue","statementMap":{"0":{"start":{"line":3,"column":0},"end":{"line":5,"column":3}},"1":{"start":{"line":6,"column":0},"end":{"line":8,"column":2}},"2":{"start":{"line":9,"column":0},"end":{"line":9,"column":13}},"3":{"start":{"line":11,"column":15},"end":{"line":20,"column":1}},"4":{"start":{"line":12,"column":2},"end":{"line":18,"column":4}},"5":{"start":{"line":13,"column":4},"end":{"line":16,"column":5}},"6":{"start":{"line":13,"column":20},"end":{"line":13,"column":21}},"7":{"start":{"line":13,"column":27},"end":{"line":13,"column":43}},"8":{"start":{"line":14,"column":6},"end":{"line":14,"column":23}},"9":{"start":{"line":15,"column":6},"end":{"line":15,"column":83}},"10":{"start":{"line":15,"column":23},"end":{"line":15,"column":83}},"11":{"start":{"line":15,"column":71},"end":{"line":15,"column":83}},"12":{"start":{"line":17,"column":4},"end":{"line":17,"column":13}},"13":{"start":{"line":19,"column":2},"end":{"line":19,"column":41}},"14":{"start":{"line":21,"column":0},"end":{"line":23,"column":3}},"15":{"start":{"line":24,"column":12},"end":{"line":24,"column":26}},"16":{"start":{"line":25,"column":12},"end":{"line":25,"column":26}},"17":{"start":{"line":26,"column":27},"end":{"line":26,"column":71}},"18":{"start":{"line":27,"column":18},"end":{"line":29,"column":1}},"19":{"start":{"line":30,"column":0},"end":{"line":62,"column":4}},"20":{"start":{"line":44,"column":17},"end":{"line":44,"column":26}},"21":{"start":{"line":45,"column":4},"end":{"line":45,"column":13}},"22":{"start":{"line":46,"column":16},"end":{"line":46,"column":23}},"23":{"start":{"line":47,"column":23},"end":{"line":47,"column":66}},"24":{"start":{"line":48,"column":21},"end":{"line":50,"column":6}},"25":{"start":{"line":49,"column":6},"end":{"line":49,"column":45}},"26":{"start":{"line":51,"column":23},"end":{"line":55,"column":5}},"27":{"start":{"line":56,"column":4},"end":{"line":59,"column":7}},"28":{"start":{"line":60,"column":4},"end":{"line":60,"column":24}},"29":{"start":{"line":64,"column":0},"end":{"line":64,"column":62}},"30":{"start":{"line":65,"column":0},"end":{"line":65,"column":24}},"31":{"start":{"line":66,"column":12},"end":{"line":66,"column":26}},"32":{"start":{"line":68,"column":4},"end":{"line":72,"column":23}},"33":{"start":{"line":74,"column":0},"end":{"line":74,"column":24}},"34":{"start":{"line":75,"column":1},"end":{"line":75,"column":48}}},"fnMap":{"0":{"name":"(anonymous_0)","decl":{"start":{"line":11,"column":40},"end":{"line":11,"column":41}},"loc":{"start":{"line":11,"column":52},"end":{"line":20,"column":1}},"line":11},"1":{"name":"(anonymous_1)","decl":{"start":{"line":12,"column":30},"end":{"line":12,"column":31}},"loc":{"start":{"line":12,"column":43},"end":{"line":18,"column":3}},"line":12},"2":{"name":"(anonymous_2)","decl":{"start":{"line":43,"column":9},"end":{"line":43,"column":10}},"loc":{"start":{"line":43,"column":32},"end":{"line":61,"column":3}},"line":43},"3":{"name":"(anonymous_3)","decl":{"start":{"line":48,"column":41},"end":{"line":48,"column":42}},"loc":{"start":{"line":48,"column":53},"end":{"line":50,"column":5}},"line":48},"4":{"name":"render","decl":{"start":{"line":67,"column":9},"end":{"line":67,"column":15}},"loc":{"start":{"line":67,"column":63},"end":{"line":73,"column":1}},"line":67}},"branchMap":{"0":{"loc":{"start":{"line":11,"column":15},"end":{"line":20,"column":1}},"type":"binary-expr","locations":[{"start":{"line":11,"column":15},"end":{"line":11,"column":19}},{"start":{"line":11,"column":23},"end":{"line":11,"column":36}},{"start":{"line":11,"column":40},"end":{"line":20,"column":1}}],"line":11},"1":{"loc":{"start":{"line":12,"column":13},"end":{"line":18,"column":3}},"type":"binary-expr","locations":[{"start":{"line":12,"column":13},"end":{"line":12,"column":26}},{"start":{"line":12,"column":30},"end":{"line":18,"column":3}}],"line":12},"2":{"loc":{"start":{"line":15,"column":23},"end":{"line":15,"column":83}},"type":"if","locations":[{"start":{"line":15,"column":23},"end":{"line":15,"column":83}},{"start":{},"end":{}}],"line":15},"3":{"loc":{"start":{"line":49,"column":13},"end":{"line":49,"column":44}},"type":"binary-expr","locations":[{"start":{"line":49,"column":13},"end":{"line":49,"column":23}},{"start":{"line":49,"column":27},"end":{"line":49,"column":44}}],"line":49},"4":{"loc":{"start":{"line":69,"column":56},"end":{"line":69,"column":108}},"type":"cond-expr","locations":[{"start":{"line":69,"column":70},"end":{"line":69,"column":103}},{"start":{"line":69,"column":106},"end":{"line":69,"column":108}}],"line":69},"5":{"loc":{"start":{"line":69,"column":110},"end":{"line":69,"column":162}},"type":"cond-expr","locations":[{"start":{"line":69,"column":124},"end":{"line":69,"column":157}},{"start":{"line":69,"column":160},"end":{"line":69,"column":162}}],"line":69}},"s":{"0":1,"1":1,"2":1,"3":1,"4":2,"5":0,"6":0,"7":0,"8":0,"9":0,"10":0,"11":0,"12":0,"13":2,"14":1,"15":1,"16":1,"17":1,"18":1,"19":1,"20":2,"21":2,"22":2,"23":2,"24":2,"25":0,"26":2,"27":2,"28":2,"29":1,"30":1,"31":1,"32":2,"33":1,"34":1},"f":{"0":2,"1":0,"2":2,"3":0,"4":2},"b":{"0":[1,1,1],"1":[2,0],"2":[0,0],"3":[0,0],"4":[1,1],"5":[0,2]},"inputSourceMap":{"0":"{","1":"\"","2":"v","3":"e","4":"r","5":"s","6":"i","7":"o","8":"n","9":"\"","10":":","11":"3","12":",","13":"\"","14":"s","15":"o","16":"u","17":"r","18":"c","19":"e","20":"s","21":"\"","22":":","23":"[","24":"\"","25":"D","26":":","27":"\\","28":"\\","29":"0","30":"3","31":"_","32":"g","33":"i","34":"t","35":"H","36":"u","37":"b","38":"\\","39":"\\","40":"h","41":"e","42":"r","43":"v","44":"e","45":"s","46":"t","47":"D","48":"a","49":"y","50":"\\","51":"\\","52":"V","53":"u","54":"e","55":"3","56":"\\","57":"\\","58":"a","59":"i","60":"l","61":"e","62":"m","63":"e","64":"n","65":"t","66":"e","67":"\\","68":"\\","69":"s","70":"r","71":"c","72":"\\","73":"\\","74":"c","75":"o","76":"m","77":"p","78":"o","79":"n","80":"e","81":"n","82":"t","83":"s","84":"\\","85":"\\","86":"b","87":"u","88":"t","89":"t","90":"o","91":"n","92":"\\","93":"\\","94":"B","95":"u","96":"t","97":"t","98":"o","99":"n","100":".","101":"v","102":"u","103":"e","104":"\"","105":",","106":"\"","107":"D","108":":","109":"/","110":"0","111":"3","112":"_","113":"g","114":"i","115":"t","116":"H","117":"u","118":"b","119":"/","120":"h","121":"e","122":"r","123":"v","124":"e","125":"s","126":"t","127":"D","128":"a","129":"y","130":"/","131":"V","132":"u","133":"e","134":"3","135":"/","136":"a","137":"i","138":"l","139":"e","140":"m","141":"e","142":"n","143":"t","144":"e","145":"/","146":"s","147":"r","148":"c","149":"/","150":"c","151":"o","152":"m","153":"p","154":"o","155":"n","156":"e","157":"n","158":"t","159":"s","160":"/","161":"b","162":"u","163":"t","164":"t","165":"o","166":"n","167":"/","168":"B","169":"u","170":"t","171":"t","172":"o","173":"n","174":".","175":"v","176":"u","177":"e","178":"\"","179":"]","180":",","181":"\"","182":"n","183":"a","184":"m","185":"e","186":"s","187":"\"","188":":","189":"[","190":"]","191":",","192":"\"","193":"m","194":"a","195":"p","196":"p","197":"i","198":"n","199":"g","200":"s","201":"\"","202":":","203":"\"","204":";","205":";","206":";","207":";","208":";","209":"A","210":"A","211":"C","212":"A","213":",","214":"k","215":"B","216":"A","217":"A","218":"c","219":";","220":"E","221":"A","222":"C","223":"Z","224":",","225":"I","226":"A","227":"A","228":"I","229":",","230":"E","231":"A","232":"A","233":"C","234":";","235":"C","236":"A","237":"C","238":"N","239":";","240":";","241":";","242":";","243":";","244":";","245":";","246":";","247":";","248":";","249":";","250":";","251":";","252":";","253":";","254":";","255":";","256":"A","257":"C","258":"I","259":"D","260":";","261":"A","262":"A","263":"C","264":"E","265":";","266":"A","267":"A","268":"P","269":"F","270":",","271":"I","272":"A","273":"A","274":"M","275":",","276":"W","277":"A","278":"A","279":"W","280":",","281":"G","282":"A","283":"A","284":"G","285":";","286":"E","287":"A","288":"C","289":"l","290":"B","291":",","292":"I","293":"A","294":"A","295":"I","296":",","297":"E","298":"A","299":"A","300":"C","301":";","302":"C","303":"A","304":"C","305":"N","306":";","307":";","308":";","309":";","310":";","311":";","312":";","313":";","314":";","315":";","316":";","317":";","318":";","319":";","320":";","321":";","322":";","323":";","324":"I","325":"A","326":"i","327":"B","328":"C","329":",","330":"I","331":"A","332":"A","333":"M","334":",","335":"Y","336":"A","337":"A","338":"Y","339":",","340":"G","341":"A","342":"A","343":"G","344":",","345":"w","346":"C","347":"A","348":"A","349":"e","350":",","351":"G","352":"A","353":"A","354":"E","355":";","356":"I","357":"A","358":"C","359":"t","360":"C","361":",","362":"I","363":"A","364":"A","365":"M","366":",","367":"U","368":"A","369":"A","370":"U","371":",","372":"G","373":"A","374":"A","375":"G","376":",","377":"k","378":"B","379":"A","380":"A","381":"Q","382":",","383":"E","384":"A","385":"A","386":"C","387":";","388":"M","389":"A","390":"C","391":"1","392":"B","393":",","394":"O","395":"A","396":"A","397":"O","398":",","399":"K","400":"A","401":"A","402":"K","403":",","404":"C","405":"A","406":"A","407":"C","408":",","409":"I","410":"A","411":"A","412":"I","413":",","414":"I","415":"A","416":"A","417":"E","418":",","419":"Y","420":"A","421":"A","422":"Y","423":",","424":"C","425":"A","426":"A","427":"C","428":",","429":"I","430":"A","431":"A","432":"I","433":";","434":"I","435":"A","436":"C","437":"p","438":"C","439":",","440":"C","441":"A","442":"A","443":"C","444":",","445":"C","446":"A","447":"A","448":"C","449":"\"","450":",","451":"\"","452":"f","453":"i","454":"l","455":"e","456":"\"","457":":","458":"\"","459":"D","460":":","461":"\\","462":"\\","463":"0","464":"3","465":"_","466":"g","467":"i","468":"t","469":"H","470":"u","471":"b","472":"\\","473":"\\","474":"h","475":"e","476":"r","477":"v","478":"e","479":"s","480":"t","481":"D","482":"a","483":"y","484":"\\","485":"\\","486":"V","487":"u","488":"e","489":"3","490":"\\","491":"\\","492":"a","493":"i","494":"l","495":"e","496":"m","497":"e","498":"n","499":"t","500":"e","501":"\\","502":"\\","503":"s","504":"r","505":"c","506":"\\","507":"\\","508":"c","509":"o","510":"m","511":"p","512":"o","513":"n","514":"e","515":"n","516":"t","517":"s","518":"\\","519":"\\","520":"b","521":"u","522":"t","523":"t","524":"o","525":"n","526":"\\","527":"\\","528":"B","529":"u","530":"t","531":"t","532":"o","533":"n","534":".","535":"v","536":"u","537":"e","538":"\"","539":",","540":"\"","541":"s","542":"o","543":"u","544":"r","545":"c","546":"e","547":"s","548":"C","549":"o","550":"n","551":"t","552":"e","553":"n","554":"t","555":"\"","556":":","557":"[","558":"\"","559":"<","560":"s","561":"c","562":"r","563":"i","564":"p","565":"t","566":" ","567":"l","568":"a","569":"n","570":"g","571":"=","572":"\\","573":"\"","574":"t","575":"s","576":"\\","577":"\"","578":">","579":"\\","580":"r","581":"\\","582":"n","583":"e","584":"x","585":"p","586":"o","587":"r","588":"t","589":" ","590":"d","591":"e","592":"f","593":"a","594":"u","595":"l","596":"t","597":"{","598":"\\","599":"r","600":"\\","601":"n","602":" ","603":" ","604":"n","605":"a","606":"m","607":"e","608":":","609":"'","610":"E","611":"l","612":"B","613":"u","614":"t","615":"t","616":"o","617":"n","618":"'","619":"\\","620":"r","621":"\\","622":"n","623":"}","624":"\\","625":"r","626":"\\","627":"n","628":"<","629":"/","630":"s","631":"c","632":"r","633":"i","634":"p","635":"t","636":">","637":"\\","638":"r","639":"\\","640":"n","641":"\\","642":"r","643":"\\","644":"n","645":"<","646":"s","647":"c","648":"r","649":"i","650":"p","651":"t","652":" ","653":"s","654":"e","655":"t","656":"u","657":"p","658":" ","659":"l","660":"a","661":"n","662":"g","663":"=","664":"'","665":"t","666":"s","667":"'","668":">","669":"\\","670":"r","671":"\\","672":"n","673":" ","674":" ","675":"i","676":"m","677":"p","678":"o","679":"r","680":"t","681":" ","682":"{","683":"c","684":"o","685":"m","686":"p","687":"u","688":"t","689":"e","690":"d","691":",","692":"w","693":"i","694":"t","695":"h","696":"D","697":"e","698":"f","699":"a","700":"u","701":"l","702":"t","703":"s","704":"}","705":" ","706":"f","707":"r","708":"o","709":"m","710":" ","711":"'","712":"v","713":"u","714":"e","715":"'","716":";","717":"\\","718":"r","719":"\\","720":"n","721":" ","722":" ","723":"i","724":"m","725":"p","726":"o","727":"r","728":"t","729":" ","730":"{","731":" ","732":"u","733":"s","734":"e","735":"G","736":"l","737":"o","738":"b","739":"a","740":"l","741":"C","742":"o","743":"n","744":"f","745":"i","746":"g","747":" ","748":"}","749":" ","750":"f","751":"r","752":"o","753":"m","754":" ","755":"'","756":".","757":".","758":"/","759":".","760":".","761":"/","762":".","763":".","764":"/","765":"u","766":"t","767":"i","768":"l","769":"s","770":"/","771":"u","772":"s","773":"e","774":"G","775":"l","776":"o","777":"b","778":"a","779":"l","780":"C","781":"o","782":"n","783":"f","784":"i","785":"g","786":".","787":"t","788":"s","789":"'","790":";","791":"\\","792":"r","793":"\\","794":"n","795":" ","796":" ","797":"i","798":"m","799":"p","800":"o","801":"r","802":"t","803":" ","804":" ","805":"{","806":"}","807":" ","808":"f","809":"r","810":"o","811":"m","812":" ","813":"'","814":".","815":".","816":"/","817":"'","818":"\\","819":"r","820":"\\","821":"n","822":"\\","823":"r","824":"\\","825":"n","826":"\\","827":"r","828":"\\","829":"n","830":" ","831":" ","832":"i","833":"n","834":"t","835":"e","836":"r","837":"f","838":"a","839":"c","840":"e","841":" ","842":"P","843":"r","844":"o","845":"p","846":"s","847":" ","848":"{","849":"\\","850":"r","851":"\\","852":"n","853":" ","854":" ","855":" ","856":" ","857":"s","858":"i","859":"z","860":"e","861":"?","862":":","863":"\\","864":"\"","865":"\\","866":"\"","867":"|","868":"'","869":"s","870":"m","871":"a","872":"l","873":"l","874":"'","875":"|","876":"'","877":"m","878":"e","879":"d","880":"i","881":"u","882":"m","883":"'","884":"|","885":"'","886":"l","887":"a","888":"r","889":"g","890":"e","891":"'","892":",","893":"\\","894":"r","895":"\\","896":"n","897":" ","898":" ","899":" ","900":" ","901":"t","902":"y","903":"p","904":"e","905":"?","906":":","907":"\\","908":"\"","909":"\\","910":"\"","911":"|","912":"'","913":"p","914":"r","915":"i","916":"m","917":"a","918":"r","919":"y","920":"'","921":"|","922":"'","923":"s","924":"u","925":"c","926":"c","927":"e","928":"s","929":"s","930":"'","931":"|","932":"'","933":"d","934":"a","935":"n","936":"g","937":"e","938":"r","939":"'","940":"\\","941":"r","942":"\\","943":"n","944":" ","945":" ","946":"}","947":"\\","948":"r","949":"\\","950":"n","951":" ","952":" ","953":"c","954":"o","955":"n","956":"s","957":"t","958":" ","959":"p","960":"r","961":"o","962":"p","963":"s","964":" ","965":"=","966":" ","967":"w","968":"i","969":"t","970":"h","971":"D","972":"e","973":"f","974":"a","975":"u","976":"l","977":"t","978":"s","979":"(","980":"d","981":"e","982":"f","983":"i","984":"n","985":"e","986":"P","987":"r","988":"o","989":"p","990":"s","991":"<","992":"P","993":"r","994":"o","995":"p","996":"s","997":">","998":"(","999":")","1000":",","1001":"{","1002":"\\","1003":"r","1004":"\\","1005":"n","1006":" ","1007":" ","1008":" ","1009":" ","1010":"s","1011":"i","1012":"z","1013":"e","1014":":","1015":"'","1016":"'","1017":",","1018":"\\","1019":"r","1020":"\\","1021":"n","1022":" ","1023":" ","1024":" ","1025":" ","1026":"t","1027":"y","1028":"p","1029":"e","1030":":","1031":"'","1032":"'","1033":"\\","1034":"r","1035":"\\","1036":"n","1037":" ","1038":" ","1039":"}","1040":")","1041":"\\","1042":"r","1043":"\\","1044":"n","1045":" ","1046":" ","1047":"c","1048":"o","1049":"n","1050":"s","1051":"t","1052":" ","1053":"g","1054":"l","1055":"o","1056":"b","1057":"a","1058":"l","1059":"C","1060":"o","1061":"n","1062":"f","1063":"i","1064":"g","1065":" ","1066":"=","1067":" ","1068":"u","1069":"s","1070":"e","1071":"G","1072":"l","1073":"o","1074":"b","1075":"a","1076":"l","1077":"C","1078":"o","1079":"n","1080":"f","1081":"i","1082":"g","1083":"(","1084":")","1085":"\\","1086":"r","1087":"\\","1088":"n","1089":" ","1090":" ","1091":"c","1092":"o","1093":"n","1094":"s","1095":"t","1096":" ","1097":"b","1098":"u","1099":"t","1100":"t","1101":"o","1102":"n","1103":"S","1104":"i","1105":"z","1106":"e","1107":" ","1108":"=","1109":" ","1110":"c","1111":"o","1112":"m","1113":"p","1114":"u","1115":"t","1116":"e","1117":"d","1118":"(","1119":"(","1120":")","1121":"=","1122":">","1123":"{","1124":"\\","1125":"r","1126":"\\","1127":"n","1128":" ","1129":" ","1130":" ","1131":" ","1132":"r","1133":"e","1134":"t","1135":"u","1136":"r","1137":"n","1138":" ","1139":"p","1140":"r","1141":"o","1142":"p","1143":"s","1144":".","1145":"s","1146":"i","1147":"z","1148":"e","1149":"|","1150":"|","1151":"g","1152":"l","1153":"o","1154":"b","1155":"a","1156":"l","1157":"C","1158":"o","1159":"n","1160":"f","1161":"i","1162":"g","1163":".","1164":"s","1165":"i","1166":"z","1167":"e","1168":"\\","1169":"r","1170":"\\","1171":"n","1172":" ","1173":" ","1174":" ","1175":" ","1176":"}","1177":")","1178":"\\","1179":"r","1180":"\\","1181":"n","1182":"<","1183":"/","1184":"s","1185":"c","1186":"r","1187":"i","1188":"p","1189":"t","1190":">","1191":"\\","1192":"r","1193":"\\","1194":"n","1195":"\\","1196":"r","1197":"\\","1198":"n","1199":"<","1200":"t","1201":"e","1202":"m","1203":"p","1204":"l","1205":"a","1206":"t","1207":"e","1208":">","1209":"\\","1210":"r","1211":"\\","1212":"n","1213":" ","1214":" ","1215":" ","1216":" ","1217":"<","1218":"b","1219":"u","1220":"t","1221":"t","1222":"o","1223":"n","1224":"\\","1225":"r","1226":"\\","1227":"n","1228":" ","1229":" ","1230":" ","1231":" ","1232":"c","1233":"l","1234":"a","1235":"s","1236":"s","1237":"=","1238":"\\","1239":"\"","1240":"e","1241":"l","1242":"-","1243":"b","1244":"u","1245":"t","1246":"t","1247":"o","1248":"n","1249":"\\","1250":"\"","1251":"\\","1252":"r","1253":"\\","1254":"n","1255":" ","1256":" ","1257":" ","1258":" ","1259":":","1260":"c","1261":"l","1262":"a","1263":"s","1264":"s","1265":"=","1266":"\\","1267":"\"","1268":"[","1269":"s","1270":"i","1271":"z","1272":"e","1273":"?","1274":"`","1275":"e","1276":"l","1277":"-","1278":"b","1279":"u","1280":"t","1281":"t","1282":"o","1283":"n","1284":"-","1285":"-","1286":"$","1287":"{","1288":"s","1289":"i","1290":"z","1291":"e","1292":"}","1293":"`","1294":":","1295":"'","1296":"'","1297":",","1298":"t","1299":"y","1300":"p","1301":"e","1302":" ","1303":"?","1304":" ","1305":"`","1306":"e","1307":"l","1308":"-","1309":"b","1310":"u","1311":"t","1312":"t","1313":"o","1314":"n","1315":"-","1316":"-","1317":"$","1318":"{","1319":"t","1320":"y","1321":"p","1322":"e","1323":"}","1324":"`","1325":" ","1326":":","1327":" ","1328":"'","1329":"'","1330":"]","1331":"\\","1332":"\"","1333":"\\","1334":"r","1335":"\\","1336":"n","1337":" ","1338":" ","1339":" ","1340":" ","1341":">","1342":"\\","1343":"r","1344":"\\","1345":"n","1346":" ","1347":" ","1348":" ","1349":" ","1350":" ","1351":" ","1352":"<","1353":"s","1354":"l","1355":"o","1356":"t","1357":" ","1358":"/","1359":">","1360":"\\","1361":"r","1362":"\\","1363":"n","1364":" ","1365":" ","1366":" ","1367":" ","1368":"<","1369":"/","1370":"b","1371":"u","1372":"t","1373":"t","1374":"o","1375":"n","1376":">","1377":"\\","1378":"r","1379":"\\","1380":"n","1381":"<","1382":"/","1383":"t","1384":"e","1385":"m","1386":"p","1387":"l","1388":"a","1389":"t","1390":"e","1391":">","1392":"\\","1393":"r","1394":"\\","1395":"n","1396":"\\","1397":"r","1398":"\\","1399":"n","1400":"<","1401":"s","1402":"t","1403":"y","1404":"l","1405":"e","1406":" ","1407":"l","1408":"a","1409":"n","1410":"g","1411":"=","1412":"'","1413":"s","1414":"c","1415":"s","1416":"s","1417":"'","1418":" ","1419":"s","1420":"c","1421":"o","1422":"p","1423":"e","1424":"d","1425":">","1426":"\\","1427":"r","1428":"\\","1429":"n","1430":"@","1431":"i","1432":"m","1433":"p","1434":"o","1435":"r","1436":"t","1437":" ","1438":"'","1439":".","1440":".","1441":"/","1442":".","1443":".","1444":"/","1445":"s","1446":"t","1447":"y","1448":"l","1449":"e","1450":"s","1451":"/","1452":"m","1453":"i","1454":"x","1455":"i","1456":"n","1457":".","1458":"s","1459":"c","1460":"s","1461":"s","1462":"'","1463":";","1464":"\\","1465":"r","1466":"\\","1467":"n","1468":"@","1469":"i","1470":"n","1471":"c","1472":"l","1473":"u","1474":"d","1475":"e","1476":" ","1477":"b","1478":"(","1479":"b","1480":"u","1481":"t","1482":"t","1483":"o","1484":"n","1485":")","1486":"{","1487":"\\","1488":"r","1489":"\\","1490":"n","1491":" ","1492":" ","1493":"d","1494":"i","1495":"s","1496":"p","1497":"l","1498":"a","1499":"y","1500":":","1501":" ","1502":"i","1503":"n","1504":"l","1505":"i","1506":"n","1507":"e","1508":"-","1509":"b","1510":"l","1511":"o","1512":"c","1513":"k","1514":";","1515":"\\","1516":"r","1517":"\\","1518":"n","1519":" ","1520":" ","1521":"l","1522":"i","1523":"n","1524":"e","1525":"-","1526":"h","1527":"e","1528":"i","1529":"g","1530":"h","1531":"t","1532":":","1533":" ","1534":"1","1535":";","1536":"\\","1537":"r","1538":"\\","1539":"n","1540":" ","1541":" ","1542":"w","1543":"h","1544":"i","1545":"t","1546":"e","1547":"-","1548":"s","1549":"p","1550":"a","1551":"c","1552":"e","1553":":","1554":" ","1555":"n","1556":"o","1557":"w","1558":"r","1559":"a","1560":"p","1561":";","1562":"\\","1563":"r","1564":"\\","1565":"n","1566":" ","1567":" ","1568":"c","1569":"u","1570":"r","1571":"s","1572":"o","1573":"r","1574":":","1575":" ","1576":"p","1577":"o","1578":"i","1579":"n","1580":"t","1581":"e","1582":"r","1583":";","1584":"\\","1585":"r","1586":"\\","1587":"n","1588":" ","1589":" ","1590":"b","1591":"a","1592":"c","1593":"k","1594":"g","1595":"r","1596":"o","1597":"u","1598":"n","1599":"d","1600":":","1601":" ","1602":"$","1603":"-","1604":"-","1605":"b","1606":"u","1607":"t","1608":"t","1609":"o","1610":"n","1611":"-","1612":"d","1613":"e","1614":"f","1615":"a","1616":"u","1617":"l","1618":"t","1619":"-","1620":"b","1621":"a","1622":"c","1623":"k","1624":"g","1625":"r","1626":"o","1627":"u","1628":"n","1629":"d","1630":"-","1631":"c","1632":"o","1633":"l","1634":"o","1635":"r","1636":";","1637":"\\","1638":"r","1639":"\\","1640":"n","1641":" ","1642":" ","1643":"c","1644":"o","1645":"l","1646":"o","1647":"r","1648":":","1649":" ","1650":"$","1651":"-","1652":"-","1653":"b","1654":"u","1655":"t","1656":"t","1657":"o","1658":"n","1659":"-","1660":"d","1661":"e","1662":"f","1663":"a","1664":"u","1665":"l","1666":"t","1667":"-","1668":"f","1669":"o","1670":"n","1671":"t","1672":"-","1673":"c","1674":"o","1675":"l","1676":"o","1677":"r","1678":";","1679":"\\","1680":"r","1681":"\\","1682":"n","1683":" ","1684":" ","1685":"-","1686":"w","1687":"e","1688":"b","1689":"k","1690":"i","1691":"t","1692":"-","1693":"a","1694":"p","1695":"p","1696":"e","1697":"a","1698":"r","1699":"a","1700":"n","1701":"c","1702":"e","1703":":","1704":" ","1705":"n","1706":"o","1707":"n","1708":"e","1709":";","1710":"\\","1711":"r","1712":"\\","1713":"n","1714":" ","1715":" ","1716":"t","1717":"e","1718":"x","1719":"t","1720":"-","1721":"a","1722":"l","1723":"i","1724":"g","1725":"n","1726":":","1727":" ","1728":"c","1729":"e","1730":"n","1731":"t","1732":"e","1733":"r","1734":";","1735":"\\","1736":"r","1737":"\\","1738":"n","1739":" ","1740":" ","1741":"b","1742":"o","1743":"r","1744":"d","1745":"e","1746":"r","1747":":","1748":" ","1749":"$","1750":"-","1751":"-","1752":"b","1753":"o","1754":"r","1755":"d","1756":"e","1757":"r","1758":"-","1759":"b","1760":"a","1761":"s","1762":"e","1763":";","1764":"\\","1765":"r","1766":"\\","1767":"n","1768":" ","1769":" ","1770":"b","1771":"o","1772":"r","1773":"d","1774":"e","1775":"r","1776":"-","1777":"c","1778":"o","1779":"l","1780":"o","1781":"r","1782":":","1783":" ","1784":"$","1785":"-","1786":"-","1787":"b","1788":"u","1789":"t","1790":"t","1791":"o","1792":"n","1793":"-","1794":"d","1795":"e","1796":"f","1797":"a","1798":"u","1799":"l","1800":"t","1801":"-","1802":"b","1803":"o","1804":"r","1805":"d","1806":"e","1807":"r","1808":"-","1809":"c","1810":"o","1811":"l","1812":"o","1813":"r","1814":";","1815":"\\","1816":"r","1817":"\\","1818":"n","1819":" ","1820":" ","1821":"b","1822":"o","1823":"x","1824":"-","1825":"s","1826":"i","1827":"z","1828":"i","1829":"n","1830":"g","1831":":","1832":" ","1833":"b","1834":"o","1835":"r","1836":"d","1837":"e","1838":"r","1839":"-","1840":"b","1841":"o","1842":"x","1843":";","1844":"\\","1845":"r","1846":"\\","1847":"n","1848":" ","1849":" ","1850":"o","1851":"u","1852":"t","1853":"l","1854":"i","1855":"n","1856":"e","1857":":","1858":" ","1859":"n","1860":"o","1861":"n","1862":"e","1863":";","1864":"\\","1865":"r","1866":"\\","1867":"n","1868":" ","1869":" ","1870":"m","1871":"a","1872":"r","1873":"g","1874":"i","1875":"n","1876":":","1877":" ","1878":"0","1879":";","1880":"\\","1881":"r","1882":"\\","1883":"n","1884":" ","1885":" ","1886":"f","1887":"o","1888":"n","1889":"t","1890":"-","1891":"w","1892":"e","1893":"i","1894":"g","1895":"h","1896":"t","1897":":","1898":" ","1899":"$","1900":"-","1901":"-","1902":"b","1903":"u","1904":"t","1905":"t","1906":"o","1907":"n","1908":"-","1909":"f","1910":"o","1911":"n","1912":"t","1913":"-","1914":"w","1915":"e","1916":"i","1917":"g","1918":"h","1919":"t","1920":";","1921":"\\","1922":"r","1923":"\\","1924":"n","1925":" ","1926":" ","1927":"&","1928":" ","1929":"+","1930":" ","1931":"&","1932":" ","1933":"{","1934":"\\","1935":"r","1936":"\\","1937":"n","1938":" ","1939":" ","1940":" ","1941":" ","1942":"m","1943":"a","1944":"r","1945":"g","1946":"i","1947":"n","1948":"-","1949":"l","1950":"e","1951":"f","1952":"t","1953":":","1954":" ","1955":"1","1956":"0","1957":"p","1958":"x","1959":";","1960":"\\","1961":"r","1962":"\\","1963":"n","1964":" ","1965":" ","1966":"}","1967":"\\","1968":"r","1969":"\\","1970":"n","1971":" ","1972":" ","1973":"@","1974":"i","1975":"n","1976":"c","1977":"l","1978":"u","1979":"d","1980":"e","1981":" ","1982":"b","1983":"u","1984":"t","1985":"t","1986":"o","1987":"n","1988":"-","1989":"s","1990":"i","1991":"z","1992":"e","1993":"(","1994":"\\","1995":"r","1996":"\\","1997":"n","1998":" ","1999":" ","2000":" ","2001":" ","2002":"$","2003":"-","2004":"-","2005":"b","2006":"u","2007":"t","2008":"t","2009":"o","2010":"n","2011":"-","2012":"p","2013":"a","2014":"d","2015":"d","2016":"i","2017":"n","2018":"g","2019":"-","2020":"v","2021":"e","2022":"r","2023":"t","2024":"i","2025":"c","2026":"a","2027":"l","2028":",","2029":"\\","2030":"r","2031":"\\","2032":"n","2033":" ","2034":" ","2035":" ","2036":" ","2037":"$","2038":"-","2039":"-","2040":"b","2041":"u","2042":"t","2043":"t","2044":"o","2045":"n","2046":"-","2047":"p","2048":"a","2049":"d","2050":"d","2051":"i","2052":"n","2053":"g","2054":"-","2055":"h","2056":"o","2057":"r","2058":"i","2059":"z","2060":"o","2061":"n","2062":"t","2063":"a","2064":"l","2065":",","2066":"\\","2067":"r","2068":"\\","2069":"n","2070":" ","2071":" ","2072":" ","2073":" ","2074":"$","2075":"-","2076":"-","2077":"b","2078":"u","2079":"t","2080":"t","2081":"o","2082":"n","2083":"-","2084":"f","2085":"o","2086":"n","2087":"t","2088":"-","2089":"s","2090":"i","2091":"z","2092":"e","2093":",","2094":"\\","2095":"r","2096":"\\","2097":"n","2098":" ","2099":" ","2100":" ","2101":" ","2102":"$","2103":"-","2104":"-","2105":"b","2106":"u","2107":"t","2108":"t","2109":"o","2110":"n","2111":"-","2112":"b","2113":"o","2114":"r","2115":"d","2116":"e","2117":"r","2118":"-","2119":"r","2120":"a","2121":"d","2122":"i","2123":"u","2124":"s","2125":"\\","2126":"r","2127":"\\","2128":"n","2129":" ","2130":" ","2131":")","2132":";","2133":"\\","2134":"r","2135":"\\","2136":"n","2137":" ","2138":" ","2139":"&","2140":":","2141":"h","2142":"o","2143":"v","2144":"e","2145":"r","2146":",","2147":"\\","2148":"r","2149":"\\","2150":"n","2151":" ","2152":" ","2153":"&","2154":":","2155":"f","2156":"o","2157":"c","2158":"u","2159":"s","2160":" ","2161":"{","2162":"\\","2163":"r","2164":"\\","2165":"n","2166":" ","2167":" ","2168":" ","2169":" ","2170":"c","2171":"o","2172":"l","2173":"o","2174":"r","2175":":","2176":" ","2177":"$","2178":"-","2179":"-","2180":"c","2181":"o","2182":"l","2183":"o","2184":"r","2185":"-","2186":"p","2187":"r","2188":"i","2189":"m","2190":"a","2191":"r","2192":"y","2193":";","2194":"\\","2195":"r","2196":"\\","2197":"n","2198":" ","2199":" ","2200":" ","2201":" ","2202":"b","2203":"o","2204":"r","2205":"d","2206":"e","2207":"r","2208":"-","2209":"c","2210":"o","2211":"l","2212":"o","2213":"r","2214":":","2215":" ","2216":"m","2217":"i","2218":"x","2219":"(","2220":"$","2221":"-","2222":"-","2223":"c","2224":"o","2225":"l","2226":"o","2227":"r","2228":"-","2229":"w","2230":"h","2231":"i","2232":"t","2233":"e","2234":",","2235":"$","2236":"-","2237":"-","2238":"c","2239":"o","2240":"l","2241":"o","2242":"r","2243":"-","2244":"p","2245":"r","2246":"i","2247":"m","2248":"a","2249":"r","2250":"y","2251":",","2252":"7","2253":"0","2254":"%","2255":")","2256":";","2257":"\\","2258":"r","2259":"\\","2260":"n","2261":" ","2262":" ","2263":" ","2264":" ","2265":"b","2266":"a","2267":"c","2268":"k","2269":"g","2270":"r","2271":"o","2272":"u","2273":"n","2274":"d","2275":"-","2276":"c","2277":"o","2278":"l","2279":"o","2280":"r","2281":":","2282":" ","2283":"m","2284":"i","2285":"x","2286":"(","2287":"$","2288":"-","2289":"-","2290":"c","2291":"o","2292":"l","2293":"o","2294":"r","2295":"-","2296":"w","2297":"h","2298":"i","2299":"t","2300":"e","2301":",","2302":"$","2303":"-","2304":"-","2305":"c","2306":"o","2307":"l","2308":"o","2309":"r","2310":"-","2311":"p","2312":"r","2313":"i","2314":"m","2315":"a","2316":"r","2317":"y","2318":",","2319":"9","2320":"0","2321":"%","2322":")","2323":";","2324":"\\","2325":"r","2326":"\\","2327":"n","2328":" ","2329":" ","2330":"}","2331":"\\","2332":"r","2333":"\\","2334":"n","2335":" ","2336":" ","2337":"@","2338":"i","2339":"n","2340":"c","2341":"l","2342":"u","2343":"d","2344":"e","2345":" ","2346":"m","2347":"(","2348":"m","2349":"e","2350":"d","2351":"i","2352":"u","2353":"m","2354":")","2355":" ","2356":"{","2357":"\\","2358":"r","2359":"\\","2360":"n","2361":" ","2362":" ","2363":" ","2364":" ","2365":"@","2366":"i","2367":"n","2368":"c","2369":"l","2370":"u","2371":"d","2372":"e","2373":" ","2374":"b","2375":"u","2376":"t","2377":"t","2378":"o","2379":"n","2380":"-","2381":"s","2382":"i","2383":"z","2384":"e","2385":"(","2386":"\\","2387":"r","2388":"\\","2389":"n","2390":" ","2391":" ","2392":" ","2393":" ","2394":" ","2395":" ","2396":"$","2397":"-","2398":"-","2399":"b","2400":"u","2401":"t","2402":"t","2403":"o","2404":"n","2405":"-","2406":"m","2407":"e","2408":"d","2409":"i","2410":"u","2411":"m","2412":"-","2413":"p","2414":"a","2415":"d","2416":"d","2417":"i","2418":"n","2419":"g","2420":"-","2421":"v","2422":"e","2423":"r","2424":"t","2425":"i","2426":"c","2427":"a","2428":"l","2429":",","2430":"\\","2431":"r","2432":"\\","2433":"n","2434":" ","2435":" ","2436":" ","2437":" ","2438":" ","2439":" ","2440":"$","2441":"-","2442":"-","2443":"b","2444":"u","2445":"t","2446":"t","2447":"o","2448":"n","2449":"-","2450":"m","2451":"e","2452":"d","2453":"i","2454":"u","2455":"m","2456":"-","2457":"p","2458":"a","2459":"d","2460":"d","2461":"i","2462":"n","2463":"g","2464":"-","2465":"h","2466":"o","2467":"r","2468":"i","2469":"z","2470":"o","2471":"n","2472":"t","2473":"a","2474":"l","2475":",","2476":"\\","2477":"r","2478":"\\","2479":"n","2480":" ","2481":" ","2482":" ","2483":" ","2484":" ","2485":" ","2486":"$","2487":"-","2488":"-","2489":"b","2490":"u","2491":"t","2492":"t","2493":"o","2494":"n","2495":"-","2496":"m","2497":"e","2498":"d","2499":"i","2500":"u","2501":"m","2502":"-","2503":"f","2504":"o","2505":"n","2506":"t","2507":"-","2508":"s","2509":"i","2510":"z","2511":"e","2512":",","2513":"\\","2514":"r","2515":"\\","2516":"n","2517":" ","2518":" ","2519":" ","2520":" ","2521":" ","2522":" ","2523":"$","2524":"-","2525":"-","2526":"b","2527":"u","2528":"t","2529":"t","2530":"o","2531":"n","2532":"-","2533":"m","2534":"e","2535":"d","2536":"i","2537":"u","2538":"m","2539":"-","2540":"b","2541":"o","2542":"r","2543":"d","2544":"e","2545":"r","2546":"-","2547":"r","2548":"a","2549":"d","2550":"i","2551":"u","2552":"s","2553":"\\","2554":"r","2555":"\\","2556":"n","2557":" ","2558":" ","2559":" ","2560":" ","2561":")","2562":";","2563":"\\","2564":"r","2565":"\\","2566":"n","2567":" ","2568":" ","2569":"}","2570":"\\","2571":"r","2572":"\\","2573":"n","2574":" ","2575":" ","2576":"@","2577":"i","2578":"n","2579":"c","2580":"l","2581":"u","2582":"d","2583":"e","2584":" ","2585":"m","2586":"(","2587":"s","2588":"m","2589":"a","2590":"l","2591":"l","2592":")","2593":" ","2594":"{","2595":"\\","2596":"r","2597":"\\","2598":"n","2599":" ","2600":" ","2601":" ","2602":" ","2603":"@","2604":"i","2605":"n","2606":"c","2607":"l","2608":"u","2609":"d","2610":"e","2611":" ","2612":"b","2613":"u","2614":"t","2615":"t","2616":"o","2617":"n","2618":"-","2619":"s","2620":"i","2621":"z","2622":"e","2623":"(","2624":"\\","2625":"r","2626":"\\","2627":"n","2628":" ","2629":" ","2630":" ","2631":" ","2632":" ","2633":" ","2634":"$","2635":"-","2636":"-","2637":"b","2638":"u","2639":"t","2640":"t","2641":"o","2642":"n","2643":"-","2644":"s","2645":"m","2646":"a","2647":"l","2648":"l","2649":"-","2650":"p","2651":"a","2652":"d","2653":"d","2654":"i","2655":"n","2656":"g","2657":"-","2658":"v","2659":"e","2660":"r","2661":"t","2662":"i","2663":"c","2664":"a","2665":"l","2666":",","2667":"\\","2668":"r","2669":"\\","2670":"n","2671":" ","2672":" ","2673":" ","2674":" ","2675":" ","2676":" ","2677":"$","2678":"-","2679":"-","2680":"b","2681":"u","2682":"t","2683":"t","2684":"o","2685":"n","2686":"-","2687":"s","2688":"m","2689":"a","2690":"l","2691":"l","2692":"-","2693":"p","2694":"a","2695":"d","2696":"d","2697":"i","2698":"n","2699":"g","2700":"-","2701":"h","2702":"o","2703":"r","2704":"i","2705":"z","2706":"o","2707":"n","2708":"t","2709":"a","2710":"l","2711":",","2712":"\\","2713":"r","2714":"\\","2715":"n","2716":" ","2717":" ","2718":" ","2719":" ","2720":" ","2721":" ","2722":"$","2723":"-","2724":"-","2725":"b","2726":"u","2727":"t","2728":"t","2729":"o","2730":"n","2731":"-","2732":"s","2733":"m","2734":"a","2735":"l","2736":"l","2737":"-","2738":"f","2739":"o","2740":"n","2741":"t","2742":"-","2743":"s","2744":"i","2745":"z","2746":"e","2747":",","2748":"\\","2749":"r","2750":"\\","2751":"n","2752":" ","2753":" ","2754":" ","2755":" ","2756":" ","2757":" ","2758":"$","2759":"-","2760":"-","2761":"b","2762":"u","2763":"t","2764":"t","2765":"o","2766":"n","2767":"-","2768":"s","2769":"m","2770":"a","2771":"l","2772":"l","2773":"-","2774":"b","2775":"o","2776":"r","2777":"d","2778":"e","2779":"r","2780":"-","2781":"r","2782":"a","2783":"d","2784":"i","2785":"u","2786":"s","2787":"\\","2788":"r","2789":"\\","2790":"n","2791":" ","2792":" ","2793":" ","2794":" ","2795":")","2796":";","2797":"\\","2798":"r","2799":"\\","2800":"n","2801":" ","2802":" ","2803":"}","2804":"\\","2805":"r","2806":"\\","2807":"n","2808":" ","2809":" ","2810":"@","2811":"i","2812":"n","2813":"c","2814":"l","2815":"u","2816":"d","2817":"e","2818":" ","2819":"m","2820":"(","2821":"l","2822":"a","2823":"r","2824":"g","2825":"e","2826":")","2827":" ","2828":"{","2829":"\\","2830":"r","2831":"\\","2832":"n","2833":" ","2834":" ","2835":" ","2836":" ","2837":"@","2838":"i","2839":"n","2840":"c","2841":"l","2842":"u","2843":"d","2844":"e","2845":" ","2846":"b","2847":"u","2848":"t","2849":"t","2850":"o","2851":"n","2852":"-","2853":"s","2854":"i","2855":"z","2856":"e","2857":"(","2858":"\\","2859":"r","2860":"\\","2861":"n","2862":" ","2863":" ","2864":" ","2865":" ","2866":" ","2867":" ","2868":"$","2869":"-","2870":"-","2871":"b","2872":"u","2873":"t","2874":"t","2875":"o","2876":"n","2877":"-","2878":"l","2879":"a","2880":"r","2881":"g","2882":"e","2883":"-","2884":"p","2885":"a","2886":"d","2887":"d","2888":"i","2889":"n","2890":"g","2891":"-","2892":"v","2893":"e","2894":"r","2895":"t","2896":"i","2897":"c","2898":"a","2899":"l","2900":",","2901":"\\","2902":"r","2903":"\\","2904":"n","2905":" ","2906":" ","2907":" ","2908":" ","2909":" ","2910":" ","2911":"$","2912":"-","2913":"-","2914":"b","2915":"u","2916":"t","2917":"t","2918":"o","2919":"n","2920":"-","2921":"l","2922":"a","2923":"r","2924":"g","2925":"e","2926":"-","2927":"p","2928":"a","2929":"d","2930":"d","2931":"i","2932":"n","2933":"g","2934":"-","2935":"h","2936":"o","2937":"r","2938":"i","2939":"z","2940":"o","2941":"n","2942":"t","2943":"a","2944":"l","2945":",","2946":"\\","2947":"r","2948":"\\","2949":"n","2950":" ","2951":" ","2952":" ","2953":" ","2954":" ","2955":" ","2956":"$","2957":"-","2958":"-","2959":"b","2960":"u","2961":"t","2962":"t","2963":"o","2964":"n","2965":"-","2966":"l","2967":"a","2968":"r","2969":"g","2970":"e","2971":"-","2972":"f","2973":"o","2974":"n","2975":"t","2976":"-","2977":"s","2978":"i","2979":"z","2980":"e","2981":",","2982":"\\","2983":"r","2984":"\\","2985":"n","2986":" ","2987":" ","2988":" ","2989":" ","2990":" ","2991":" ","2992":"$","2993":"-","2994":"-","2995":"b","2996":"u","2997":"t","2998":"t","2999":"o","3000":"n","3001":"-","3002":"l","3003":"a","3004":"r","3005":"g","3006":"e","3007":"-","3008":"b","3009":"o","3010":"r","3011":"d","3012":"e","3013":"r","3014":"-","3015":"r","3016":"a","3017":"d","3018":"i","3019":"u","3020":"s","3021":"\\","3022":"r","3023":"\\","3024":"n","3025":" ","3026":" ","3027":" ","3028":" ","3029":")","3030":";","3031":"\\","3032":"r","3033":"\\","3034":"n","3035":" ","3036":" ","3037":"}","3038":"\\","3039":"r","3040":"\\","3041":"n","3042":"@","3043":"i","3044":"n","3045":"c","3046":"l","3047":"u","3048":"d","3049":"e","3050":" ","3051":"m","3052":"(","3053":"p","3054":"r","3055":"i","3056":"m","3057":"a","3058":"r","3059":"y","3060":")","3061":" ","3062":"{","3063":"\\","3064":"r","3065":"\\","3066":"n","3067":" ","3068":" ","3069":" ","3070":" ","3071":"@","3072":"i","3073":"n","3074":"c","3075":"l","3076":"u","3077":"d","3078":"e","3079":" ","3080":"b","3081":"u","3082":"t","3083":"t","3084":"o","3085":"n","3086":"-","3087":"v","3088":"a","3089":"r","3090":"i","3091":"a","3092":"n","3093":"t","3094":"(","3095":"\\","3096":"r","3097":"\\","3098":"n","3099":" ","3100":" ","3101":" ","3102":" ","3103":" ","3104":" ","3105":"$","3106":"-","3107":"-","3108":"b","3109":"u","3110":"t","3111":"t","3112":"o","3113":"n","3114":"-","3115":"p","3116":"r","3117":"i","3118":"m","3119":"a","3120":"r","3121":"y","3122":"-","3123":"f","3124":"o","3125":"n","3126":"t","3127":"-","3128":"c","3129":"o","3130":"l","3131":"o","3132":"r","3133":",","3134":"\\","3135":"r","3136":"\\","3137":"n","3138":" ","3139":" ","3140":" ","3141":" ","3142":" ","3143":" ","3144":"$","3145":"-","3146":"-","3147":"b","3148":"u","3149":"t","3150":"t","3151":"o","3152":"n","3153":"-","3154":"p","3155":"r","3156":"i","3157":"m","3158":"a","3159":"r","3160":"y","3161":"-","3162":"b","3163":"a","3164":"c","3165":"k","3166":"g","3167":"r","3168":"o","3169":"u","3170":"n","3171":"d","3172":"-","3173":"c","3174":"o","3175":"l","3176":"o","3177":"r","3178":",","3179":"\\","3180":"r","3181":"\\","3182":"n","3183":" ","3184":" ","3185":" ","3186":" ","3187":" ","3188":" ","3189":"$","3190":"-","3191":"-","3192":"b","3193":"u","3194":"t","3195":"t","3196":"o","3197":"n","3198":"-","3199":"p","3200":"r","3201":"i","3202":"m","3203":"a","3204":"r","3205":"y","3206":"-","3207":"b","3208":"o","3209":"r","3210":"d","3211":"e","3212":"r","3213":"-","3214":"c","3215":"o","3216":"l","3217":"o","3218":"r","3219":"\\","3220":"r","3221":"\\","3222":"n","3223":" ","3224":" ","3225":" ","3226":" ","3227":")","3228":";","3229":"\\","3230":"r","3231":"\\","3232":"n","3233":" ","3234":" ","3235":"}","3236":"\\","3237":"r","3238":"\\","3239":"n","3240":" ","3241":" ","3242":"@","3243":"i","3244":"n","3245":"c","3246":"l","3247":"u","3248":"d","3249":"e","3250":" ","3251":"m","3252":"(","3253":"s","3254":"u","3255":"c","3256":"c","3257":"e","3258":"s","3259":"s","3260":")","3261":" ","3262":"{","3263":"\\","3264":"r","3265":"\\","3266":"n","3267":" ","3268":" ","3269":" ","3270":" ","3271":"@","3272":"i","3273":"n","3274":"c","3275":"l","3276":"u","3277":"d","3278":"e","3279":" ","3280":"b","3281":"u","3282":"t","3283":"t","3284":"o","3285":"n","3286":"-","3287":"v","3288":"a","3289":"r","3290":"i","3291":"a","3292":"n","3293":"t","3294":"(","3295":"\\","3296":"r","3297":"\\","3298":"n","3299":" ","3300":" ","3301":" ","3302":" ","3303":" ","3304":" ","3305":"$","3306":"-","3307":"-","3308":"b","3309":"u","3310":"t","3311":"t","3312":"o","3313":"n","3314":"-","3315":"s","3316":"u","3317":"c","3318":"c","3319":"e","3320":"s","3321":"s","3322":"-","3323":"f","3324":"o","3325":"n","3326":"t","3327":"-","3328":"c","3329":"o","3330":"l","3331":"o","3332":"r","3333":",","3334":"\\","3335":"r","3336":"\\","3337":"n","3338":" ","3339":" ","3340":" ","3341":" ","3342":" ","3343":" ","3344":"$","3345":"-","3346":"-","3347":"b","3348":"u","3349":"t","3350":"t","3351":"o","3352":"n","3353":"-","3354":"s","3355":"u","3356":"c","3357":"c","3358":"e","3359":"s","3360":"s","3361":"-","3362":"b","3363":"a","3364":"c","3365":"k","3366":"g","3367":"r","3368":"o","3369":"u","3370":"n","3371":"d","3372":"-","3373":"c","3374":"o","3375":"l","3376":"o","3377":"r","3378":",","3379":"\\","3380":"r","3381":"\\","3382":"n","3383":" ","3384":" ","3385":" ","3386":" ","3387":" ","3388":" ","3389":"$","3390":"-","3391":"-","3392":"b","3393":"u","3394":"t","3395":"t","3396":"o","3397":"n","3398":"-","3399":"s","3400":"u","3401":"c","3402":"c","3403":"e","3404":"s","3405":"s","3406":"-","3407":"b","3408":"o","3409":"r","3410":"d","3411":"e","3412":"r","3413":"-","3414":"c","3415":"o","3416":"l","3417":"o","3418":"r","3419":"\\","3420":"r","3421":"\\","3422":"n","3423":" ","3424":" ","3425":" ","3426":" ","3427":")","3428":";","3429":"\\","3430":"r","3431":"\\","3432":"n","3433":" ","3434":" ","3435":"}","3436":"\\","3437":"r","3438":"\\","3439":"n","3440":" ","3441":" ","3442":"@","3443":"i","3444":"n","3445":"c","3446":"l","3447":"u","3448":"d","3449":"e","3450":" ","3451":"m","3452":"(","3453":"d","3454":"a","3455":"n","3456":"g","3457":"e","3458":"r","3459":")","3460":" ","3461":"{","3462":"\\","3463":"r","3464":"\\","3465":"n","3466":" ","3467":" ","3468":" ","3469":" ","3470":"@","3471":"i","3472":"n","3473":"c","3474":"l","3475":"u","3476":"d","3477":"e","3478":" ","3479":"b","3480":"u","3481":"t","3482":"t","3483":"o","3484":"n","3485":"-","3486":"v","3487":"a","3488":"r","3489":"i","3490":"a","3491":"n","3492":"t","3493":"(","3494":"\\","3495":"r","3496":"\\","3497":"n","3498":" ","3499":" ","3500":" ","3501":" ","3502":" ","3503":" ","3504":"$","3505":"-","3506":"-","3507":"b","3508":"u","3509":"t","3510":"t","3511":"o","3512":"n","3513":"-","3514":"d","3515":"a","3516":"n","3517":"g","3518":"e","3519":"r","3520":"-","3521":"f","3522":"o","3523":"n","3524":"t","3525":"-","3526":"c","3527":"o","3528":"l","3529":"o","3530":"r","3531":",","3532":"\\","3533":"r","3534":"\\","3535":"n","3536":" ","3537":" ","3538":" ","3539":" ","3540":" ","3541":" ","3542":"$","3543":"-","3544":"-","3545":"b","3546":"u","3547":"t","3548":"t","3549":"o","3550":"n","3551":"-","3552":"d","3553":"a","3554":"n","3555":"g","3556":"e","3557":"r","3558":"-","3559":"b","3560":"a","3561":"c","3562":"k","3563":"g","3564":"r","3565":"o","3566":"u","3567":"n","3568":"d","3569":"-","3570":"c","3571":"o","3572":"l","3573":"o","3574":"r","3575":",","3576":"\\","3577":"r","3578":"\\","3579":"n","3580":" ","3581":" ","3582":" ","3583":" ","3584":" ","3585":" ","3586":"$","3587":"-","3588":"-","3589":"b","3590":"u","3591":"t","3592":"t","3593":"o","3594":"n","3595":"-","3596":"d","3597":"a","3598":"n","3599":"g","3600":"e","3601":"r","3602":"-","3603":"b","3604":"o","3605":"r","3606":"d","3607":"e","3608":"r","3609":"-","3610":"c","3611":"o","3612":"l","3613":"o","3614":"r","3615":"\\","3616":"r","3617":"\\","3618":"n","3619":" ","3620":" ","3621":" ","3622":" ","3623":")","3624":";","3625":"\\","3626":"r","3627":"\\","3628":"n","3629":" ","3630":" ","3631":"}","3632":"\\","3633":"r","3634":"\\","3635":"n","3636":"}","3637":"\\","3638":"r","3639":"\\","3640":"n","3641":"<","3642":"/","3643":"s","3644":"t","3645":"y","3646":"l","3647":"e","3648":">","3649":"\\","3650":"r","3651":"\\","3652":"n","3653":"\"","3654":",","3655":"\"","3656":"<","3657":"s","3658":"c","3659":"r","3660":"i","3661":"p","3662":"t","3663":" ","3664":"l","3665":"a","3666":"n","3667":"g","3668":"=","3669":"\\","3670":"\"","3671":"t","3672":"s","3673":"\\","3674":"\"","3675":">","3676":"\\","3677":"r","3678":"\\","3679":"n","3680":"e","3681":"x","3682":"p","3683":"o","3684":"r","3685":"t","3686":" ","3687":"d","3688":"e","3689":"f","3690":"a","3691":"u","3692":"l","3693":"t","3694":"{","3695":"\\","3696":"r","3697":"\\","3698":"n","3699":" ","3700":" ","3701":"n","3702":"a","3703":"m","3704":"e","3705":":","3706":"'","3707":"E","3708":"l","3709":"B","3710":"u","3711":"t","3712":"t","3713":"o","3714":"n","3715":"'","3716":"\\","3717":"r","3718":"\\","3719":"n","3720":"}","3721":"\\","3722":"r","3723":"\\","3724":"n","3725":"<","3726":"/","3727":"s","3728":"c","3729":"r","3730":"i","3731":"p","3732":"t","3733":">","3734":"\\","3735":"r","3736":"\\","3737":"n","3738":"\\","3739":"r","3740":"\\","3741":"n","3742":"<","3743":"s","3744":"c","3745":"r","3746":"i","3747":"p","3748":"t","3749":" ","3750":"s","3751":"e","3752":"t","3753":"u","3754":"p","3755":" ","3756":"l","3757":"a","3758":"n","3759":"g","3760":"=","3761":"'","3762":"t","3763":"s","3764":"'","3765":">","3766":"\\","3767":"r","3768":"\\","3769":"n","3770":" ","3771":" ","3772":"i","3773":"m","3774":"p","3775":"o","3776":"r","3777":"t","3778":" ","3779":"{","3780":"c","3781":"o","3782":"m","3783":"p","3784":"u","3785":"t","3786":"e","3787":"d","3788":",","3789":"w","3790":"i","3791":"t","3792":"h","3793":"D","3794":"e","3795":"f","3796":"a","3797":"u","3798":"l","3799":"t","3800":"s","3801":"}","3802":" ","3803":"f","3804":"r","3805":"o","3806":"m","3807":" ","3808":"'","3809":"v","3810":"u","3811":"e","3812":"'","3813":";","3814":"\\","3815":"r","3816":"\\","3817":"n","3818":" ","3819":" ","3820":"i","3821":"m","3822":"p","3823":"o","3824":"r","3825":"t","3826":" ","3827":"{","3828":" ","3829":"u","3830":"s","3831":"e","3832":"G","3833":"l","3834":"o","3835":"b","3836":"a","3837":"l","3838":"C","3839":"o","3840":"n","3841":"f","3842":"i","3843":"g","3844":" ","3845":"}","3846":" ","3847":"f","3848":"r","3849":"o","3850":"m","3851":" ","3852":"'","3853":".","3854":".","3855":"/","3856":".","3857":".","3858":"/","3859":".","3860":".","3861":"/","3862":"u","3863":"t","3864":"i","3865":"l","3866":"s","3867":"/","3868":"u","3869":"s","3870":"e","3871":"G","3872":"l","3873":"o","3874":"b","3875":"a","3876":"l","3877":"C","3878":"o","3879":"n","3880":"f","3881":"i","3882":"g","3883":".","3884":"t","3885":"s","3886":"'","3887":";","3888":"\\","3889":"r","3890":"\\","3891":"n","3892":" ","3893":" ","3894":"i","3895":"m","3896":"p","3897":"o","3898":"r","3899":"t","3900":" ","3901":" ","3902":"{","3903":"}","3904":" ","3905":"f","3906":"r","3907":"o","3908":"m","3909":" ","3910":"'","3911":".","3912":".","3913":"/","3914":"'","3915":"\\","3916":"r","3917":"\\","3918":"n","3919":"\\","3920":"r","3921":"\\","3922":"n","3923":"\\","3924":"r","3925":"\\","3926":"n","3927":" ","3928":" ","3929":"i","3930":"n","3931":"t","3932":"e","3933":"r","3934":"f","3935":"a","3936":"c","3937":"e","3938":" ","3939":"P","3940":"r","3941":"o","3942":"p","3943":"s","3944":" ","3945":"{","3946":"\\","3947":"r","3948":"\\","3949":"n","3950":" ","3951":" ","3952":" ","3953":" ","3954":"s","3955":"i","3956":"z","3957":"e","3958":"?","3959":":","3960":"\\","3961":"\"","3962":"\\","3963":"\"","3964":"|","3965":"'","3966":"s","3967":"m","3968":"a","3969":"l","3970":"l","3971":"'","3972":"|","3973":"'","3974":"m","3975":"e","3976":"d","3977":"i","3978":"u","3979":"m","3980":"'","3981":"|","3982":"'","3983":"l","3984":"a","3985":"r","3986":"g","3987":"e","3988":"'","3989":",","3990":"\\","3991":"r","3992":"\\","3993":"n","3994":" ","3995":" ","3996":" ","3997":" ","3998":"t","3999":"y","4000":"p","4001":"e","4002":"?","4003":":","4004":"\\","4005":"\"","4006":"\\","4007":"\"","4008":"|","4009":"'","4010":"p","4011":"r","4012":"i","4013":"m","4014":"a","4015":"r","4016":"y","4017":"'","4018":"|","4019":"'","4020":"s","4021":"u","4022":"c","4023":"c","4024":"e","4025":"s","4026":"s","4027":"'","4028":"|","4029":"'","4030":"d","4031":"a","4032":"n","4033":"g","4034":"e","4035":"r","4036":"'","4037":"\\","4038":"r","4039":"\\","4040":"n","4041":" ","4042":" ","4043":"}","4044":"\\","4045":"r","4046":"\\","4047":"n","4048":" ","4049":" ","4050":"c","4051":"o","4052":"n","4053":"s","4054":"t","4055":" ","4056":"p","4057":"r","4058":"o","4059":"p","4060":"s","4061":" ","4062":"=","4063":" ","4064":"w","4065":"i","4066":"t","4067":"h","4068":"D","4069":"e","4070":"f","4071":"a","4072":"u","4073":"l","4074":"t","4075":"s","4076":"(","4077":"d","4078":"e","4079":"f","4080":"i","4081":"n","4082":"e","4083":"P","4084":"r","4085":"o","4086":"p","4087":"s","4088":"<","4089":"P","4090":"r","4091":"o","4092":"p","4093":"s","4094":">","4095":"(","4096":")","4097":",","4098":"{","4099":"\\","4100":"r","4101":"\\","4102":"n","4103":" ","4104":" ","4105":" ","4106":" ","4107":"s","4108":"i","4109":"z","4110":"e","4111":":","4112":"'","4113":"'","4114":",","4115":"\\","4116":"r","4117":"\\","4118":"n","4119":" ","4120":" ","4121":" ","4122":" ","4123":"t","4124":"y","4125":"p","4126":"e","4127":":","4128":"'","4129":"'","4130":"\\","4131":"r","4132":"\\","4133":"n","4134":" ","4135":" ","4136":"}","4137":")","4138":"\\","4139":"r","4140":"\\","4141":"n","4142":" ","4143":" ","4144":"c","4145":"o","4146":"n","4147":"s","4148":"t","4149":" ","4150":"g","4151":"l","4152":"o","4153":"b","4154":"a","4155":"l","4156":"C","4157":"o","4158":"n","4159":"f","4160":"i","4161":"g","4162":" ","4163":"=","4164":" ","4165":"u","4166":"s","4167":"e","4168":"G","4169":"l","4170":"o","4171":"b","4172":"a","4173":"l","4174":"C","4175":"o","4176":"n","4177":"f","4178":"i","4179":"g","4180":"(","4181":")","4182":"\\","4183":"r","4184":"\\","4185":"n","4186":" ","4187":" ","4188":"c","4189":"o","4190":"n","4191":"s","4192":"t","4193":" ","4194":"b","4195":"u","4196":"t","4197":"t","4198":"o","4199":"n","4200":"S","4201":"i","4202":"z","4203":"e","4204":" ","4205":"=","4206":" ","4207":"c","4208":"o","4209":"m","4210":"p","4211":"u","4212":"t","4213":"e","4214":"d","4215":"(","4216":"(","4217":")","4218":"=","4219":">","4220":"{","4221":"\\","4222":"r","4223":"\\","4224":"n","4225":" ","4226":" ","4227":" ","4228":" ","4229":"r","4230":"e","4231":"t","4232":"u","4233":"r","4234":"n","4235":" ","4236":"p","4237":"r","4238":"o","4239":"p","4240":"s","4241":".","4242":"s","4243":"i","4244":"z","4245":"e","4246":"|","4247":"|","4248":"g","4249":"l","4250":"o","4251":"b","4252":"a","4253":"l","4254":"C","4255":"o","4256":"n","4257":"f","4258":"i","4259":"g","4260":".","4261":"s","4262":"i","4263":"z","4264":"e","4265":"\\","4266":"r","4267":"\\","4268":"n","4269":" ","4270":" ","4271":" ","4272":" ","4273":"}","4274":")","4275":"\\","4276":"r","4277":"\\","4278":"n","4279":"<","4280":"/","4281":"s","4282":"c","4283":"r","4284":"i","4285":"p","4286":"t","4287":">","4288":"\\","4289":"r","4290":"\\","4291":"n","4292":"\\","4293":"r","4294":"\\","4295":"n","4296":"<","4297":"t","4298":"e","4299":"m","4300":"p","4301":"l","4302":"a","4303":"t","4304":"e","4305":">","4306":"\\","4307":"r","4308":"\\","4309":"n","4310":" ","4311":" ","4312":" ","4313":" ","4314":"<","4315":"b","4316":"u","4317":"t","4318":"t","4319":"o","4320":"n","4321":"\\","4322":"r","4323":"\\","4324":"n","4325":" ","4326":" ","4327":" ","4328":" ","4329":"c","4330":"l","4331":"a","4332":"s","4333":"s","4334":"=","4335":"\\","4336":"\"","4337":"e","4338":"l","4339":"-","4340":"b","4341":"u","4342":"t","4343":"t","4344":"o","4345":"n","4346":"\\","4347":"\"","4348":"\\","4349":"r","4350":"\\","4351":"n","4352":" ","4353":" ","4354":" ","4355":" ","4356":":","4357":"c","4358":"l","4359":"a","4360":"s","4361":"s","4362":"=","4363":"\\","4364":"\"","4365":"[","4366":"s","4367":"i","4368":"z","4369":"e","4370":"?","4371":"`","4372":"e","4373":"l","4374":"-","4375":"b","4376":"u","4377":"t","4378":"t","4379":"o","4380":"n","4381":"-","4382":"-","4383":"$","4384":"{","4385":"s","4386":"i","4387":"z","4388":"e","4389":"}","4390":"`","4391":":","4392":"'","4393":"'","4394":",","4395":"t","4396":"y","4397":"p","4398":"e","4399":" ","4400":"?","4401":" ","4402":"`","4403":"e","4404":"l","4405":"-","4406":"b","4407":"u","4408":"t","4409":"t","4410":"o","4411":"n","4412":"-","4413":"-","4414":"$","4415":"{","4416":"t","4417":"y","4418":"p","4419":"e","4420":"}","4421":"`","4422":" ","4423":":","4424":" ","4425":"'","4426":"'","4427":"]","4428":"\\","4429":"\"","4430":"\\","4431":"r","4432":"\\","4433":"n","4434":" ","4435":" ","4436":" ","4437":" ","4438":">","4439":"\\","4440":"r","4441":"\\","4442":"n","4443":" ","4444":" ","4445":" ","4446":" ","4447":" ","4448":" ","4449":"<","4450":"s","4451":"l","4452":"o","4453":"t","4454":" ","4455":"/","4456":">","4457":"\\","4458":"r","4459":"\\","4460":"n","4461":" ","4462":" ","4463":" ","4464":" ","4465":"<","4466":"/","4467":"b","4468":"u","4469":"t","4470":"t","4471":"o","4472":"n","4473":">","4474":"\\","4475":"r","4476":"\\","4477":"n","4478":"<","4479":"/","4480":"t","4481":"e","4482":"m","4483":"p","4484":"l","4485":"a","4486":"t","4487":"e","4488":">","4489":"\\","4490":"r","4491":"\\","4492":"n","4493":"\\","4494":"r","4495":"\\","4496":"n","4497":"<","4498":"s","4499":"t","4500":"y","4501":"l","4502":"e","4503":" ","4504":"l","4505":"a","4506":"n","4507":"g","4508":"=","4509":"'","4510":"s","4511":"c","4512":"s","4513":"s","4514":"'","4515":" ","4516":"s","4517":"c","4518":"o","4519":"p","4520":"e","4521":"d","4522":">","4523":"\\","4524":"r","4525":"\\","4526":"n","4527":"@","4528":"i","4529":"m","4530":"p","4531":"o","4532":"r","4533":"t","4534":" ","4535":"'","4536":".","4537":".","4538":"/","4539":".","4540":".","4541":"/","4542":"s","4543":"t","4544":"y","4545":"l","4546":"e","4547":"s","4548":"/","4549":"m","4550":"i","4551":"x","4552":"i","4553":"n","4554":".","4555":"s","4556":"c","4557":"s","4558":"s","4559":"'","4560":";","4561":"\\","4562":"r","4563":"\\","4564":"n","4565":"@","4566":"i","4567":"n","4568":"c","4569":"l","4570":"u","4571":"d","4572":"e","4573":" ","4574":"b","4575":"(","4576":"b","4577":"u","4578":"t","4579":"t","4580":"o","4581":"n","4582":")","4583":"{","4584":"\\","4585":"r","4586":"\\","4587":"n","4588":" ","4589":" ","4590":"d","4591":"i","4592":"s","4593":"p","4594":"l","4595":"a","4596":"y","4597":":","4598":" ","4599":"i","4600":"n","4601":"l","4602":"i","4603":"n","4604":"e","4605":"-","4606":"b","4607":"l","4608":"o","4609":"c","4610":"k","4611":";","4612":"\\","4613":"r","4614":"\\","4615":"n","4616":" ","4617":" ","4618":"l","4619":"i","4620":"n","4621":"e","4622":"-","4623":"h","4624":"e","4625":"i","4626":"g","4627":"h","4628":"t","4629":":","4630":" ","4631":"1","4632":";","4633":"\\","4634":"r","4635":"\\","4636":"n","4637":" ","4638":" ","4639":"w","4640":"h","4641":"i","4642":"t","4643":"e","4644":"-","4645":"s","4646":"p","4647":"a","4648":"c","4649":"e","4650":":","4651":" ","4652":"n","4653":"o","4654":"w","4655":"r","4656":"a","4657":"p","4658":";","4659":"\\","4660":"r","4661":"\\","4662":"n","4663":" ","4664":" ","4665":"c","4666":"u","4667":"r","4668":"s","4669":"o","4670":"r","4671":":","4672":" ","4673":"p","4674":"o","4675":"i","4676":"n","4677":"t","4678":"e","4679":"r","4680":";","4681":"\\","4682":"r","4683":"\\","4684":"n","4685":" ","4686":" ","4687":"b","4688":"a","4689":"c","4690":"k","4691":"g","4692":"r","4693":"o","4694":"u","4695":"n","4696":"d","4697":":","4698":" ","4699":"$","4700":"-","4701":"-","4702":"b","4703":"u","4704":"t","4705":"t","4706":"o","4707":"n","4708":"-","4709":"d","4710":"e","4711":"f","4712":"a","4713":"u","4714":"l","4715":"t","4716":"-","4717":"b","4718":"a","4719":"c","4720":"k","4721":"g","4722":"r","4723":"o","4724":"u","4725":"n","4726":"d","4727":"-","4728":"c","4729":"o","4730":"l","4731":"o","4732":"r","4733":";","4734":"\\","4735":"r","4736":"\\","4737":"n","4738":" ","4739":" ","4740":"c","4741":"o","4742":"l","4743":"o","4744":"r","4745":":","4746":" ","4747":"$","4748":"-","4749":"-","4750":"b","4751":"u","4752":"t","4753":"t","4754":"o","4755":"n","4756":"-","4757":"d","4758":"e","4759":"f","4760":"a","4761":"u","4762":"l","4763":"t","4764":"-","4765":"f","4766":"o","4767":"n","4768":"t","4769":"-","4770":"c","4771":"o","4772":"l","4773":"o","4774":"r","4775":";","4776":"\\","4777":"r","4778":"\\","4779":"n","4780":" ","4781":" ","4782":"-","4783":"w","4784":"e","4785":"b","4786":"k","4787":"i","4788":"t","4789":"-","4790":"a","4791":"p","4792":"p","4793":"e","4794":"a","4795":"r","4796":"a","4797":"n","4798":"c","4799":"e","4800":":","4801":" ","4802":"n","4803":"o","4804":"n","4805":"e","4806":";","4807":"\\","4808":"r","4809":"\\","4810":"n","4811":" ","4812":" ","4813":"t","4814":"e","4815":"x","4816":"t","4817":"-","4818":"a","4819":"l","4820":"i","4821":"g","4822":"n","4823":":","4824":" ","4825":"c","4826":"e","4827":"n","4828":"t","4829":"e","4830":"r","4831":";","4832":"\\","4833":"r","4834":"\\","4835":"n","4836":" ","4837":" ","4838":"b","4839":"o","4840":"r","4841":"d","4842":"e","4843":"r","4844":":","4845":" ","4846":"$","4847":"-","4848":"-","4849":"b","4850":"o","4851":"r","4852":"d","4853":"e","4854":"r","4855":"-","4856":"b","4857":"a","4858":"s","4859":"e","4860":";","4861":"\\","4862":"r","4863":"\\","4864":"n","4865":" ","4866":" ","4867":"b","4868":"o","4869":"r","4870":"d","4871":"e","4872":"r","4873":"-","4874":"c","4875":"o","4876":"l","4877":"o","4878":"r","4879":":","4880":" ","4881":"$","4882":"-","4883":"-","4884":"b","4885":"u","4886":"t","4887":"t","4888":"o","4889":"n","4890":"-","4891":"d","4892":"e","4893":"f","4894":"a","4895":"u","4896":"l","4897":"t","4898":"-","4899":"b","4900":"o","4901":"r","4902":"d","4903":"e","4904":"r","4905":"-","4906":"c","4907":"o","4908":"l","4909":"o","4910":"r","4911":";","4912":"\\","4913":"r","4914":"\\","4915":"n","4916":" ","4917":" ","4918":"b","4919":"o","4920":"x","4921":"-","4922":"s","4923":"i","4924":"z","4925":"i","4926":"n","4927":"g","4928":":","4929":" ","4930":"b","4931":"o","4932":"r","4933":"d","4934":"e","4935":"r","4936":"-","4937":"b","4938":"o","4939":"x","4940":";","4941":"\\","4942":"r","4943":"\\","4944":"n","4945":" ","4946":" ","4947":"o","4948":"u","4949":"t","4950":"l","4951":"i","4952":"n","4953":"e","4954":":","4955":" ","4956":"n","4957":"o","4958":"n","4959":"e","4960":";","4961":"\\","4962":"r","4963":"\\","4964":"n","4965":" ","4966":" ","4967":"m","4968":"a","4969":"r","4970":"g","4971":"i","4972":"n","4973":":","4974":" ","4975":"0","4976":";","4977":"\\","4978":"r","4979":"\\","4980":"n","4981":" ","4982":" ","4983":"f","4984":"o","4985":"n","4986":"t","4987":"-","4988":"w","4989":"e","4990":"i","4991":"g","4992":"h","4993":"t","4994":":","4995":" ","4996":"$","4997":"-","4998":"-","4999":"b","5000":"u","5001":"t","5002":"t","5003":"o","5004":"n","5005":"-","5006":"f","5007":"o","5008":"n","5009":"t","5010":"-","5011":"w","5012":"e","5013":"i","5014":"g","5015":"h","5016":"t","5017":";","5018":"\\","5019":"r","5020":"\\","5021":"n","5022":" ","5023":" ","5024":"&","5025":" ","5026":"+","5027":" ","5028":"&","5029":" ","5030":"{","5031":"\\","5032":"r","5033":"\\","5034":"n","5035":" ","5036":" ","5037":" ","5038":" ","5039":"m","5040":"a","5041":"r","5042":"g","5043":"i","5044":"n","5045":"-","5046":"l","5047":"e","5048":"f","5049":"t","5050":":","5051":" ","5052":"1","5053":"0","5054":"p","5055":"x","5056":";","5057":"\\","5058":"r","5059":"\\","5060":"n","5061":" ","5062":" ","5063":"}","5064":"\\","5065":"r","5066":"\\","5067":"n","5068":" ","5069":" ","5070":"@","5071":"i","5072":"n","5073":"c","5074":"l","5075":"u","5076":"d","5077":"e","5078":" ","5079":"b","5080":"u","5081":"t","5082":"t","5083":"o","5084":"n","5085":"-","5086":"s","5087":"i","5088":"z","5089":"e","5090":"(","5091":"\\","5092":"r","5093":"\\","5094":"n","5095":" ","5096":" ","5097":" ","5098":" ","5099":"$","5100":"-","5101":"-","5102":"b","5103":"u","5104":"t","5105":"t","5106":"o","5107":"n","5108":"-","5109":"p","5110":"a","5111":"d","5112":"d","5113":"i","5114":"n","5115":"g","5116":"-","5117":"v","5118":"e","5119":"r","5120":"t","5121":"i","5122":"c","5123":"a","5124":"l","5125":",","5126":"\\","5127":"r","5128":"\\","5129":"n","5130":" ","5131":" ","5132":" ","5133":" ","5134":"$","5135":"-","5136":"-","5137":"b","5138":"u","5139":"t","5140":"t","5141":"o","5142":"n","5143":"-","5144":"p","5145":"a","5146":"d","5147":"d","5148":"i","5149":"n","5150":"g","5151":"-","5152":"h","5153":"o","5154":"r","5155":"i","5156":"z","5157":"o","5158":"n","5159":"t","5160":"a","5161":"l","5162":",","5163":"\\","5164":"r","5165":"\\","5166":"n","5167":" ","5168":" ","5169":" ","5170":" ","5171":"$","5172":"-","5173":"-","5174":"b","5175":"u","5176":"t","5177":"t","5178":"o","5179":"n","5180":"-","5181":"f","5182":"o","5183":"n","5184":"t","5185":"-","5186":"s","5187":"i","5188":"z","5189":"e","5190":",","5191":"\\","5192":"r","5193":"\\","5194":"n","5195":" ","5196":" ","5197":" ","5198":" ","5199":"$","5200":"-","5201":"-","5202":"b","5203":"u","5204":"t","5205":"t","5206":"o","5207":"n","5208":"-","5209":"b","5210":"o","5211":"r","5212":"d","5213":"e","5214":"r","5215":"-","5216":"r","5217":"a","5218":"d","5219":"i","5220":"u","5221":"s","5222":"\\","5223":"r","5224":"\\","5225":"n","5226":" ","5227":" ","5228":")","5229":";","5230":"\\","5231":"r","5232":"\\","5233":"n","5234":" ","5235":" ","5236":"&","5237":":","5238":"h","5239":"o","5240":"v","5241":"e","5242":"r","5243":",","5244":"\\","5245":"r","5246":"\\","5247":"n","5248":" ","5249":" ","5250":"&","5251":":","5252":"f","5253":"o","5254":"c","5255":"u","5256":"s","5257":" ","5258":"{","5259":"\\","5260":"r","5261":"\\","5262":"n","5263":" ","5264":" ","5265":" ","5266":" ","5267":"c","5268":"o","5269":"l","5270":"o","5271":"r","5272":":","5273":" ","5274":"$","5275":"-","5276":"-","5277":"c","5278":"o","5279":"l","5280":"o","5281":"r","5282":"-","5283":"p","5284":"r","5285":"i","5286":"m","5287":"a","5288":"r","5289":"y","5290":";","5291":"\\","5292":"r","5293":"\\","5294":"n","5295":" ","5296":" ","5297":" ","5298":" ","5299":"b","5300":"o","5301":"r","5302":"d","5303":"e","5304":"r","5305":"-","5306":"c","5307":"o","5308":"l","5309":"o","5310":"r","5311":":","5312":" ","5313":"m","5314":"i","5315":"x","5316":"(","5317":"$","5318":"-","5319":"-","5320":"c","5321":"o","5322":"l","5323":"o","5324":"r","5325":"-","5326":"w","5327":"h","5328":"i","5329":"t","5330":"e","5331":",","5332":"$","5333":"-","5334":"-","5335":"c","5336":"o","5337":"l","5338":"o","5339":"r","5340":"-","5341":"p","5342":"r","5343":"i","5344":"m","5345":"a","5346":"r","5347":"y","5348":",","5349":"7","5350":"0","5351":"%","5352":")","5353":";","5354":"\\","5355":"r","5356":"\\","5357":"n","5358":" ","5359":" ","5360":" ","5361":" ","5362":"b","5363":"a","5364":"c","5365":"k","5366":"g","5367":"r","5368":"o","5369":"u","5370":"n","5371":"d","5372":"-","5373":"c","5374":"o","5375":"l","5376":"o","5377":"r","5378":":","5379":" ","5380":"m","5381":"i","5382":"x","5383":"(","5384":"$","5385":"-","5386":"-","5387":"c","5388":"o","5389":"l","5390":"o","5391":"r","5392":"-","5393":"w","5394":"h","5395":"i","5396":"t","5397":"e","5398":",","5399":"$","5400":"-","5401":"-","5402":"c","5403":"o","5404":"l","5405":"o","5406":"r","5407":"-","5408":"p","5409":"r","5410":"i","5411":"m","5412":"a","5413":"r","5414":"y","5415":",","5416":"9","5417":"0","5418":"%","5419":")","5420":";","5421":"\\","5422":"r","5423":"\\","5424":"n","5425":" ","5426":" ","5427":"}","5428":"\\","5429":"r","5430":"\\","5431":"n","5432":" ","5433":" ","5434":"@","5435":"i","5436":"n","5437":"c","5438":"l","5439":"u","5440":"d","5441":"e","5442":" ","5443":"m","5444":"(","5445":"m","5446":"e","5447":"d","5448":"i","5449":"u","5450":"m","5451":")","5452":" ","5453":"{","5454":"\\","5455":"r","5456":"\\","5457":"n","5458":" ","5459":" ","5460":" ","5461":" ","5462":"@","5463":"i","5464":"n","5465":"c","5466":"l","5467":"u","5468":"d","5469":"e","5470":" ","5471":"b","5472":"u","5473":"t","5474":"t","5475":"o","5476":"n","5477":"-","5478":"s","5479":"i","5480":"z","5481":"e","5482":"(","5483":"\\","5484":"r","5485":"\\","5486":"n","5487":" ","5488":" ","5489":" ","5490":" ","5491":" ","5492":" ","5493":"$","5494":"-","5495":"-","5496":"b","5497":"u","5498":"t","5499":"t","5500":"o","5501":"n","5502":"-","5503":"m","5504":"e","5505":"d","5506":"i","5507":"u","5508":"m","5509":"-","5510":"p","5511":"a","5512":"d","5513":"d","5514":"i","5515":"n","5516":"g","5517":"-","5518":"v","5519":"e","5520":"r","5521":"t","5522":"i","5523":"c","5524":"a","5525":"l","5526":",","5527":"\\","5528":"r","5529":"\\","5530":"n","5531":" ","5532":" ","5533":" ","5534":" ","5535":" ","5536":" ","5537":"$","5538":"-","5539":"-","5540":"b","5541":"u","5542":"t","5543":"t","5544":"o","5545":"n","5546":"-","5547":"m","5548":"e","5549":"d","5550":"i","5551":"u","5552":"m","5553":"-","5554":"p","5555":"a","5556":"d","5557":"d","5558":"i","5559":"n","5560":"g","5561":"-","5562":"h","5563":"o","5564":"r","5565":"i","5566":"z","5567":"o","5568":"n","5569":"t","5570":"a","5571":"l","5572":",","5573":"\\","5574":"r","5575":"\\","5576":"n","5577":" ","5578":" ","5579":" ","5580":" ","5581":" ","5582":" ","5583":"$","5584":"-","5585":"-","5586":"b","5587":"u","5588":"t","5589":"t","5590":"o","5591":"n","5592":"-","5593":"m","5594":"e","5595":"d","5596":"i","5597":"u","5598":"m","5599":"-","5600":"f","5601":"o","5602":"n","5603":"t","5604":"-","5605":"s","5606":"i","5607":"z","5608":"e","5609":",","5610":"\\","5611":"r","5612":"\\","5613":"n","5614":" ","5615":" ","5616":" ","5617":" ","5618":" ","5619":" ","5620":"$","5621":"-","5622":"-","5623":"b","5624":"u","5625":"t","5626":"t","5627":"o","5628":"n","5629":"-","5630":"m","5631":"e","5632":"d","5633":"i","5634":"u","5635":"m","5636":"-","5637":"b","5638":"o","5639":"r","5640":"d","5641":"e","5642":"r","5643":"-","5644":"r","5645":"a","5646":"d","5647":"i","5648":"u","5649":"s","5650":"\\","5651":"r","5652":"\\","5653":"n","5654":" ","5655":" ","5656":" ","5657":" ","5658":")","5659":";","5660":"\\","5661":"r","5662":"\\","5663":"n","5664":" ","5665":" ","5666":"}","5667":"\\","5668":"r","5669":"\\","5670":"n","5671":" ","5672":" ","5673":"@","5674":"i","5675":"n","5676":"c","5677":"l","5678":"u","5679":"d","5680":"e","5681":" ","5682":"m","5683":"(","5684":"s","5685":"m","5686":"a","5687":"l","5688":"l","5689":")","5690":" ","5691":"{","5692":"\\","5693":"r","5694":"\\","5695":"n","5696":" ","5697":" ","5698":" ","5699":" ","5700":"@","5701":"i","5702":"n","5703":"c","5704":"l","5705":"u","5706":"d","5707":"e","5708":" ","5709":"b","5710":"u","5711":"t","5712":"t","5713":"o","5714":"n","5715":"-","5716":"s","5717":"i","5718":"z","5719":"e","5720":"(","5721":"\\","5722":"r","5723":"\\","5724":"n","5725":" ","5726":" ","5727":" ","5728":" ","5729":" ","5730":" ","5731":"$","5732":"-","5733":"-","5734":"b","5735":"u","5736":"t","5737":"t","5738":"o","5739":"n","5740":"-","5741":"s","5742":"m","5743":"a","5744":"l","5745":"l","5746":"-","5747":"p","5748":"a","5749":"d","5750":"d","5751":"i","5752":"n","5753":"g","5754":"-","5755":"v","5756":"e","5757":"r","5758":"t","5759":"i","5760":"c","5761":"a","5762":"l","5763":",","5764":"\\","5765":"r","5766":"\\","5767":"n","5768":" ","5769":" ","5770":" ","5771":" ","5772":" ","5773":" ","5774":"$","5775":"-","5776":"-","5777":"b","5778":"u","5779":"t","5780":"t","5781":"o","5782":"n","5783":"-","5784":"s","5785":"m","5786":"a","5787":"l","5788":"l","5789":"-","5790":"p","5791":"a","5792":"d","5793":"d","5794":"i","5795":"n","5796":"g","5797":"-","5798":"h","5799":"o","5800":"r","5801":"i","5802":"z","5803":"o","5804":"n","5805":"t","5806":"a","5807":"l","5808":",","5809":"\\","5810":"r","5811":"\\","5812":"n","5813":" ","5814":" ","5815":" ","5816":" ","5817":" ","5818":" ","5819":"$","5820":"-","5821":"-","5822":"b","5823":"u","5824":"t","5825":"t","5826":"o","5827":"n","5828":"-","5829":"s","5830":"m","5831":"a","5832":"l","5833":"l","5834":"-","5835":"f","5836":"o","5837":"n","5838":"t","5839":"-","5840":"s","5841":"i","5842":"z","5843":"e","5844":",","5845":"\\","5846":"r","5847":"\\","5848":"n","5849":" ","5850":" ","5851":" ","5852":" ","5853":" ","5854":" ","5855":"$","5856":"-","5857":"-","5858":"b","5859":"u","5860":"t","5861":"t","5862":"o","5863":"n","5864":"-","5865":"s","5866":"m","5867":"a","5868":"l","5869":"l","5870":"-","5871":"b","5872":"o","5873":"r","5874":"d","5875":"e","5876":"r","5877":"-","5878":"r","5879":"a","5880":"d","5881":"i","5882":"u","5883":"s","5884":"\\","5885":"r","5886":"\\","5887":"n","5888":" ","5889":" ","5890":" ","5891":" ","5892":")","5893":";","5894":"\\","5895":"r","5896":"\\","5897":"n","5898":" ","5899":" ","5900":"}","5901":"\\","5902":"r","5903":"\\","5904":"n","5905":" ","5906":" ","5907":"@","5908":"i","5909":"n","5910":"c","5911":"l","5912":"u","5913":"d","5914":"e","5915":" ","5916":"m","5917":"(","5918":"l","5919":"a","5920":"r","5921":"g","5922":"e","5923":")","5924":" ","5925":"{","5926":"\\","5927":"r","5928":"\\","5929":"n","5930":" ","5931":" ","5932":" ","5933":" ","5934":"@","5935":"i","5936":"n","5937":"c","5938":"l","5939":"u","5940":"d","5941":"e","5942":" ","5943":"b","5944":"u","5945":"t","5946":"t","5947":"o","5948":"n","5949":"-","5950":"s","5951":"i","5952":"z","5953":"e","5954":"(","5955":"\\","5956":"r","5957":"\\","5958":"n","5959":" ","5960":" ","5961":" ","5962":" ","5963":" ","5964":" ","5965":"$","5966":"-","5967":"-","5968":"b","5969":"u","5970":"t","5971":"t","5972":"o","5973":"n","5974":"-","5975":"l","5976":"a","5977":"r","5978":"g","5979":"e","5980":"-","5981":"p","5982":"a","5983":"d","5984":"d","5985":"i","5986":"n","5987":"g","5988":"-","5989":"v","5990":"e","5991":"r","5992":"t","5993":"i","5994":"c","5995":"a","5996":"l","5997":",","5998":"\\","5999":"r","6000":"\\","6001":"n","6002":" ","6003":" ","6004":" ","6005":" ","6006":" ","6007":" ","6008":"$","6009":"-","6010":"-","6011":"b","6012":"u","6013":"t","6014":"t","6015":"o","6016":"n","6017":"-","6018":"l","6019":"a","6020":"r","6021":"g","6022":"e","6023":"-","6024":"p","6025":"a","6026":"d","6027":"d","6028":"i","6029":"n","6030":"g","6031":"-","6032":"h","6033":"o","6034":"r","6035":"i","6036":"z","6037":"o","6038":"n","6039":"t","6040":"a","6041":"l","6042":",","6043":"\\","6044":"r","6045":"\\","6046":"n","6047":" ","6048":" ","6049":" ","6050":" ","6051":" ","6052":" ","6053":"$","6054":"-","6055":"-","6056":"b","6057":"u","6058":"t","6059":"t","6060":"o","6061":"n","6062":"-","6063":"l","6064":"a","6065":"r","6066":"g","6067":"e","6068":"-","6069":"f","6070":"o","6071":"n","6072":"t","6073":"-","6074":"s","6075":"i","6076":"z","6077":"e","6078":",","6079":"\\","6080":"r","6081":"\\","6082":"n","6083":" ","6084":" ","6085":" ","6086":" ","6087":" ","6088":" ","6089":"$","6090":"-","6091":"-","6092":"b","6093":"u","6094":"t","6095":"t","6096":"o","6097":"n","6098":"-","6099":"l","6100":"a","6101":"r","6102":"g","6103":"e","6104":"-","6105":"b","6106":"o","6107":"r","6108":"d","6109":"e","6110":"r","6111":"-","6112":"r","6113":"a","6114":"d","6115":"i","6116":"u","6117":"s","6118":"\\","6119":"r","6120":"\\","6121":"n","6122":" ","6123":" ","6124":" ","6125":" ","6126":")","6127":";","6128":"\\","6129":"r","6130":"\\","6131":"n","6132":" ","6133":" ","6134":"}","6135":"\\","6136":"r","6137":"\\","6138":"n","6139":"@","6140":"i","6141":"n","6142":"c","6143":"l","6144":"u","6145":"d","6146":"e","6147":" ","6148":"m","6149":"(","6150":"p","6151":"r","6152":"i","6153":"m","6154":"a","6155":"r","6156":"y","6157":")","6158":" ","6159":"{","6160":"\\","6161":"r","6162":"\\","6163":"n","6164":" ","6165":" ","6166":" ","6167":" ","6168":"@","6169":"i","6170":"n","6171":"c","6172":"l","6173":"u","6174":"d","6175":"e","6176":" ","6177":"b","6178":"u","6179":"t","6180":"t","6181":"o","6182":"n","6183":"-","6184":"v","6185":"a","6186":"r","6187":"i","6188":"a","6189":"n","6190":"t","6191":"(","6192":"\\","6193":"r","6194":"\\","6195":"n","6196":" ","6197":" ","6198":" ","6199":" ","6200":" ","6201":" ","6202":"$","6203":"-","6204":"-","6205":"b","6206":"u","6207":"t","6208":"t","6209":"o","6210":"n","6211":"-","6212":"p","6213":"r","6214":"i","6215":"m","6216":"a","6217":"r","6218":"y","6219":"-","6220":"f","6221":"o","6222":"n","6223":"t","6224":"-","6225":"c","6226":"o","6227":"l","6228":"o","6229":"r","6230":",","6231":"\\","6232":"r","6233":"\\","6234":"n","6235":" ","6236":" ","6237":" ","6238":" ","6239":" ","6240":" ","6241":"$","6242":"-","6243":"-","6244":"b","6245":"u","6246":"t","6247":"t","6248":"o","6249":"n","6250":"-","6251":"p","6252":"r","6253":"i","6254":"m","6255":"a","6256":"r","6257":"y","6258":"-","6259":"b","6260":"a","6261":"c","6262":"k","6263":"g","6264":"r","6265":"o","6266":"u","6267":"n","6268":"d","6269":"-","6270":"c","6271":"o","6272":"l","6273":"o","6274":"r","6275":",","6276":"\\","6277":"r","6278":"\\","6279":"n","6280":" ","6281":" ","6282":" ","6283":" ","6284":" ","6285":" ","6286":"$","6287":"-","6288":"-","6289":"b","6290":"u","6291":"t","6292":"t","6293":"o","6294":"n","6295":"-","6296":"p","6297":"r","6298":"i","6299":"m","6300":"a","6301":"r","6302":"y","6303":"-","6304":"b","6305":"o","6306":"r","6307":"d","6308":"e","6309":"r","6310":"-","6311":"c","6312":"o","6313":"l","6314":"o","6315":"r","6316":"\\","6317":"r","6318":"\\","6319":"n","6320":" ","6321":" ","6322":" ","6323":" ","6324":")","6325":";","6326":"\\","6327":"r","6328":"\\","6329":"n","6330":" ","6331":" ","6332":"}","6333":"\\","6334":"r","6335":"\\","6336":"n","6337":" ","6338":" ","6339":"@","6340":"i","6341":"n","6342":"c","6343":"l","6344":"u","6345":"d","6346":"e","6347":" ","6348":"m","6349":"(","6350":"s","6351":"u","6352":"c","6353":"c","6354":"e","6355":"s","6356":"s","6357":")","6358":" ","6359":"{","6360":"\\","6361":"r","6362":"\\","6363":"n","6364":" ","6365":" ","6366":" ","6367":" ","6368":"@","6369":"i","6370":"n","6371":"c","6372":"l","6373":"u","6374":"d","6375":"e","6376":" ","6377":"b","6378":"u","6379":"t","6380":"t","6381":"o","6382":"n","6383":"-","6384":"v","6385":"a","6386":"r","6387":"i","6388":"a","6389":"n","6390":"t","6391":"(","6392":"\\","6393":"r","6394":"\\","6395":"n","6396":" ","6397":" ","6398":" ","6399":" ","6400":" ","6401":" ","6402":"$","6403":"-","6404":"-","6405":"b","6406":"u","6407":"t","6408":"t","6409":"o","6410":"n","6411":"-","6412":"s","6413":"u","6414":"c","6415":"c","6416":"e","6417":"s","6418":"s","6419":"-","6420":"f","6421":"o","6422":"n","6423":"t","6424":"-","6425":"c","6426":"o","6427":"l","6428":"o","6429":"r","6430":",","6431":"\\","6432":"r","6433":"\\","6434":"n","6435":" ","6436":" ","6437":" ","6438":" ","6439":" ","6440":" ","6441":"$","6442":"-","6443":"-","6444":"b","6445":"u","6446":"t","6447":"t","6448":"o","6449":"n","6450":"-","6451":"s","6452":"u","6453":"c","6454":"c","6455":"e","6456":"s","6457":"s","6458":"-","6459":"b","6460":"a","6461":"c","6462":"k","6463":"g","6464":"r","6465":"o","6466":"u","6467":"n","6468":"d","6469":"-","6470":"c","6471":"o","6472":"l","6473":"o","6474":"r","6475":",","6476":"\\","6477":"r","6478":"\\","6479":"n","6480":" ","6481":" ","6482":" ","6483":" ","6484":" ","6485":" ","6486":"$","6487":"-","6488":"-","6489":"b","6490":"u","6491":"t","6492":"t","6493":"o","6494":"n","6495":"-","6496":"s","6497":"u","6498":"c","6499":"c","6500":"e","6501":"s","6502":"s","6503":"-","6504":"b","6505":"o","6506":"r","6507":"d","6508":"e","6509":"r","6510":"-","6511":"c","6512":"o","6513":"l","6514":"o","6515":"r","6516":"\\","6517":"r","6518":"\\","6519":"n","6520":" ","6521":" ","6522":" ","6523":" ","6524":")","6525":";","6526":"\\","6527":"r","6528":"\\","6529":"n","6530":" ","6531":" ","6532":"}","6533":"\\","6534":"r","6535":"\\","6536":"n","6537":" ","6538":" ","6539":"@","6540":"i","6541":"n","6542":"c","6543":"l","6544":"u","6545":"d","6546":"e","6547":" ","6548":"m","6549":"(","6550":"d","6551":"a","6552":"n","6553":"g","6554":"e","6555":"r","6556":")","6557":" ","6558":"{","6559":"\\","6560":"r","6561":"\\","6562":"n","6563":" ","6564":" ","6565":" ","6566":" ","6567":"@","6568":"i","6569":"n","6570":"c","6571":"l","6572":"u","6573":"d","6574":"e","6575":" ","6576":"b","6577":"u","6578":"t","6579":"t","6580":"o","6581":"n","6582":"-","6583":"v","6584":"a","6585":"r","6586":"i","6587":"a","6588":"n","6589":"t","6590":"(","6591":"\\","6592":"r","6593":"\\","6594":"n","6595":" ","6596":" ","6597":" ","6598":" ","6599":" ","6600":" ","6601":"$","6602":"-","6603":"-","6604":"b","6605":"u","6606":"t","6607":"t","6608":"o","6609":"n","6610":"-","6611":"d","6612":"a","6613":"n","6614":"g","6615":"e","6616":"r","6617":"-","6618":"f","6619":"o","6620":"n","6621":"t","6622":"-","6623":"c","6624":"o","6625":"l","6626":"o","6627":"r","6628":",","6629":"\\","6630":"r","6631":"\\","6632":"n","6633":" ","6634":" ","6635":" ","6636":" ","6637":" ","6638":" ","6639":"$","6640":"-","6641":"-","6642":"b","6643":"u","6644":"t","6645":"t","6646":"o","6647":"n","6648":"-","6649":"d","6650":"a","6651":"n","6652":"g","6653":"e","6654":"r","6655":"-","6656":"b","6657":"a","6658":"c","6659":"k","6660":"g","6661":"r","6662":"o","6663":"u","6664":"n","6665":"d","6666":"-","6667":"c","6668":"o","6669":"l","6670":"o","6671":"r","6672":",","6673":"\\","6674":"r","6675":"\\","6676":"n","6677":" ","6678":" ","6679":" ","6680":" ","6681":" ","6682":" ","6683":"$","6684":"-","6685":"-","6686":"b","6687":"u","6688":"t","6689":"t","6690":"o","6691":"n","6692":"-","6693":"d","6694":"a","6695":"n","6696":"g","6697":"e","6698":"r","6699":"-","6700":"b","6701":"o","6702":"r","6703":"d","6704":"e","6705":"r","6706":"-","6707":"c","6708":"o","6709":"l","6710":"o","6711":"r","6712":"\\","6713":"r","6714":"\\","6715":"n","6716":" ","6717":" ","6718":" ","6719":" ","6720":")","6721":";","6722":"\\","6723":"r","6724":"\\","6725":"n","6726":" ","6727":" ","6728":"}","6729":"\\","6730":"r","6731":"\\","6732":"n","6733":"}","6734":"\\","6735":"r","6736":"\\","6737":"n","6738":"<","6739":"/","6740":"s","6741":"t","6742":"y","6743":"l","6744":"e","6745":">","6746":"\\","6747":"r","6748":"\\","6749":"n","6750":"\"","6751":"]","6752":"}"},"_coverageSchema":"1a1c01bbd47fc00a2c39e90264f33305004495a9","hash":"d3355b2121edf2027af14a611b5d76eeb2075584"}
,"D:\\03_gitHub\\hervestDay\\Vue3\\ailemente\\utils\\useGlobalConfig.ts": {"path":"D:\\03_gitHub\\hervestDay\\Vue3\\ailemente\\utils\\useGlobalConfig.ts","statementMap":{"0":{"start":{"line":1,"column":0},"end":{"line":1,"column":67}},"1":{"start":{"line":4,"column":50},"end":{"line":4,"column":70}},"2":{"start":{"line":5,"column":2},"end":{"line":8,"column":null}},"3":{"start":{"line":6,"column":4},"end":{"line":6,"column":48}},"4":{"start":{"line":7,"column":4},"end":{"line":7,"column":10}},"5":{"start":{"line":9,"column":2},"end":{"line":9,"column":null}},"6":{"start":{"line":3,"column":0},"end":{"line":3,"column":16}}},"fnMap":{"0":{"name":"useGlobalConfig","decl":{"start":{"line":3,"column":16},"end":{"line":3,"column":31}},"loc":{"start":{"line":3,"column":31},"end":{"line":10,"column":1}}}},"branchMap":{"0":{"loc":{"start":{"line":5,"column":2},"end":{"line":8,"column":null}},"type":"if","locations":[{"start":{"line":5,"column":2},"end":{"line":8,"column":null}}]},"1":{"loc":{"start":{"line":9,"column":9},"end":{"line":9,"column":69}},"type":"binary-expr","locations":[{"start":{"line":9,"column":9},"end":{"line":9,"column":63}},{"start":{"line":9,"column":67},"end":{"line":9,"column":69}}]}},"s":{"0":1,"1":2,"2":2,"3":0,"4":0,"5":2,"6":1},"f":{"0":2},"b":{"0":[0],"1":[2,2]}}
}
