{"D:\\07_\\hervestDay\\2022-10-10\\test1\\math.js": {"path":"D:\\07_\\hervestDay\\2022-10-10\\test1\\math.js","statementMap":{"0":{"start":{"line":2,"column":2},"end":{"line":2,"column":13}},"1":{"start":{"line":5,"column":2},"end":{"line":5,"column":16}},"2":{"start":{"line":8,"column":2},"end":{"line":8,"column":13}},"3":{"start":{"line":11,"column":0},"end":{"line":15,"column":1}}},"fnMap":{"0":{"name":"add","decl":{"start":{"line":1,"column":9},"end":{"line":1,"column":12}},"loc":{"start":{"line":1,"column":17},"end":{"line":3,"column":1}},"line":1},"1":{"name":"minus","decl":{"start":{"line":4,"column":9},"end":{"line":4,"column":14}},"loc":{"start":{"line":4,"column":19},"end":{"line":6,"column":1}},"line":4},"2":{"name":"multiplication","decl":{"start":{"line":7,"column":9},"end":{"line":7,"column":23}},"loc":{"start":{"line":7,"column":28},"end":{"line":9,"column":1}},"line":7}},"branchMap":{},"s":{"0":1,"1":1,"2":1,"3":1},"f":{"0":1,"1":1,"2":1},"b":{},"_coverageSchema":"43e27e138ebf9cfc5966b082cf9a028302ed4184","hash":"91ffb8094916262f94da8552e92aa8404da7a7ed"}
}
